{"/home/travis/build/npmtest/node-npmtest-monitor/test.js":{"path":"/home/travis/build/npmtest/node-npmtest-monitor/test.js","s":{"1":2,"2":2,"3":2,"4":2,"5":2,"6":2,"7":2,"8":1,"9":2,"10":2,"11":1,"12":1,"13":1,"14":1,"15":2,"16":2,"17":2,"18":2,"19":1,"20":1,"21":2,"22":2,"23":2,"24":1,"25":1,"26":1,"27":1,"28":1,"29":1,"30":1,"31":1,"32":1,"33":1,"34":1,"35":1,"36":2,"37":2,"38":1,"39":2,"40":2,"41":1,"42":2,"43":2,"44":1,"45":1,"46":1,"47":1,"48":1},"b":{"1":[2,1,1,1],"2":[1,1,1,1],"3":[1,1],"4":[1,1],"5":[1,1],"6":[1,1],"7":[1,1],"8":[1,1],"9":[1,1,1],"10":[1,1],"11":[1,1],"12":[1,1],"13":[1,1],"14":[1,1],"15":[1,1]},"f":{"1":2,"2":2,"3":2,"4":2,"5":2,"6":1,"7":1,"8":2,"9":2,"10":2,"11":1},"fnMap":{"1":{"name":"(anonymous_1)","line":12,"loc":{"start":{"line":12,"column":1},"end":{"line":12,"column":13}}},"2":{"name":"(anonymous_2)","line":19,"loc":{"start":{"line":19,"column":5},"end":{"line":19,"column":17}}},"3":{"name":"(anonymous_3)","line":23,"loc":{"start":{"line":23,"column":24},"end":{"line":23,"column":36}}},"4":{"name":"(anonymous_4)","line":61,"loc":{"start":{"line":61,"column":5},"end":{"line":61,"column":17}}},"5":{"name":"(anonymous_5)","line":82,"loc":{"start":{"line":82,"column":5},"end":{"line":82,"column":17}}},"6":{"name":"(anonymous_6)","line":102,"loc":{"start":{"line":102,"column":83},"end":{"line":105,"column":10}},"skip":true},"7":{"name":"(anonymous_7)","line":113,"loc":{"start":{"line":113,"column":77},"end":{"line":116,"column":10}},"skip":true},"8":{"name":"(anonymous_8)","line":127,"loc":{"start":{"line":127,"column":77},"end":{"line":130,"column":10}},"skip":true},"9":{"name":"(anonymous_9)","line":138,"loc":{"start":{"line":138,"column":83},"end":{"line":141,"column":10}},"skip":true},"10":{"name":"(anonymous_10)","line":149,"loc":{"start":{"line":149,"column":79},"end":{"line":152,"column":10}},"skip":true},"11":{"name":"(anonymous_11)","line":160,"loc":{"start":{"line":160,"column":75},"end":{"line":163,"column":10}},"skip":true}},"statementMap":{"1":{"start":{"line":12,"column":0},"end":{"line":175,"column":5}},"2":{"start":{"line":14,"column":4},"end":{"line":14,"column":14}},"3":{"start":{"line":19,"column":4},"end":{"line":56,"column":9}},"4":{"start":{"line":21,"column":8},"end":{"line":21,"column":19}},"5":{"start":{"line":23,"column":8},"end":{"line":35,"column":13}},"6":{"start":{"line":24,"column":12},"end":{"line":34,"column":13}},"7":{"start":{"line":25,"column":16},"end":{"line":28,"column":30}},"8":{"start":{"line":30,"column":16},"end":{"line":33,"column":27}},"9":{"start":{"line":37,"column":8},"end":{"line":39,"column":21}},"10":{"start":{"line":40,"column":8},"end":{"line":53,"column":9}},"11":{"start":{"line":43,"column":12},"end":{"line":46,"column":14}},"12":{"start":{"line":47,"column":12},"end":{"line":47,"column":18}},"13":{"start":{"line":50,"column":12},"end":{"line":51,"column":46}},"14":{"start":{"line":52,"column":12},"end":{"line":52,"column":18}},"15":{"start":{"line":55,"column":8},"end":{"line":55,"column":35}},"16":{"start":{"line":61,"column":4},"end":{"line":63,"column":9}},"17":{"start":{"line":62,"column":8},"end":{"line":62,"column":15}},"18":{"start":{"line":64,"column":4},"end":{"line":77,"column":5}},"19":{"start":{"line":70,"column":8},"end":{"line":70,"column":14}},"20":{"start":{"line":76,"column":8},"end":{"line":76,"column":14}},"21":{"start":{"line":82,"column":4},"end":{"line":84,"column":9}},"22":{"start":{"line":83,"column":8},"end":{"line":83,"column":15}},"23":{"start":{"line":85,"column":4},"end":{"line":174,"column":5}},"24":{"start":{"line":92,"column":8},"end":{"line":94,"column":63}},"25":{"start":{"line":95,"column":8},"end":{"line":95,"column":14}},"26":{"start":{"line":102,"column":8},"end":{"line":111,"column":10},"skip":true},"27":{"start":{"line":109,"column":12},"end":{"line":109,"column":55},"skip":true},"28":{"start":{"line":110,"column":12},"end":{"line":110,"column":48},"skip":true},"29":{"start":{"line":113,"column":8},"end":{"line":125,"column":10},"skip":true},"30":{"start":{"line":120,"column":12},"end":{"line":120,"column":76},"skip":true},"31":{"start":{"line":121,"column":12},"end":{"line":121,"column":73},"skip":true},"32":{"start":{"line":122,"column":12},"end":{"line":122,"column":74},"skip":true},"33":{"start":{"line":123,"column":12},"end":{"line":123,"column":25},"skip":true},"34":{"start":{"line":124,"column":12},"end":{"line":124,"column":45},"skip":true},"35":{"start":{"line":127,"column":8},"end":{"line":136,"column":10},"skip":true},"36":{"start":{"line":134,"column":12},"end":{"line":134,"column":25},"skip":true},"37":{"start":{"line":135,"column":12},"end":{"line":135,"column":45},"skip":true},"38":{"start":{"line":138,"column":8},"end":{"line":147,"column":10},"skip":true},"39":{"start":{"line":145,"column":12},"end":{"line":145,"column":25},"skip":true},"40":{"start":{"line":146,"column":12},"end":{"line":146,"column":48},"skip":true},"41":{"start":{"line":149,"column":8},"end":{"line":158,"column":10},"skip":true},"42":{"start":{"line":156,"column":12},"end":{"line":156,"column":25},"skip":true},"43":{"start":{"line":157,"column":12},"end":{"line":157,"column":46},"skip":true},"44":{"start":{"line":160,"column":8},"end":{"line":169,"column":10},"skip":true},"45":{"start":{"line":167,"column":12},"end":{"line":167,"column":94},"skip":true},"46":{"start":{"line":168,"column":12},"end":{"line":168,"column":48},"skip":true},"47":{"start":{"line":172,"column":8},"end":{"line":172,"column":35},"skip":true},"48":{"start":{"line":173,"column":8},"end":{"line":173,"column":14},"skip":true}},"branchMap":{"1":{"line":25,"type":"binary-expr","locations":[{"start":{"line":25,"column":23},"end":{"line":25,"column":62}},{"start":{"line":26,"column":20},"end":{"line":26,"column":70}},{"start":{"line":27,"column":20},"end":{"line":27,"column":71}},{"start":{"line":28,"column":20},"end":{"line":28,"column":29}}]},"2":{"line":30,"type":"binary-expr","locations":[{"start":{"line":30,"column":23},"end":{"line":30,"column":37}},{"start":{"line":31,"column":20},"end":{"line":31,"column":61}},{"start":{"line":32,"column":20},"end":{"line":32,"column":70}},{"start":{"line":33,"column":20},"end":{"line":33,"column":26}}]},"3":{"line":37,"type":"cond-expr","locations":[{"start":{"line":38,"column":14},"end":{"line":38,"column":20}},{"start":{"line":39,"column":14},"end":{"line":39,"column":20}}]},"4":{"line":40,"type":"switch","locations":[{"start":{"line":42,"column":8},"end":{"line":47,"column":18}},{"start":{"line":49,"column":8},"end":{"line":52,"column":18}}]},"5":{"line":44,"type":"binary-expr","locations":[{"start":{"line":44,"column":16},"end":{"line":44,"column":44}},{"start":{"line":44,"column":48},"end":{"line":44,"column":66}}]},"6":{"line":50,"type":"binary-expr","locations":[{"start":{"line":50,"column":21},"end":{"line":50,"column":49}},{"start":{"line":50,"column":53},"end":{"line":50,"column":72}}]},"7":{"line":64,"type":"switch","locations":[{"start":{"line":69,"column":4},"end":{"line":70,"column":14}},{"start":{"line":75,"column":4},"end":{"line":76,"column":14}}]},"8":{"line":85,"type":"switch","locations":[{"start":{"line":90,"column":4},"end":{"line":95,"column":14}},{"start":{"line":101,"column":4},"end":{"line":173,"column":14},"skip":true}]},"9":{"line":92,"type":"binary-expr","locations":[{"start":{"line":92,"column":18},"end":{"line":92,"column":32}},{"start":{"line":93,"column":12},"end":{"line":93,"column":53}},{"start":{"line":94,"column":12},"end":{"line":94,"column":61}}]},"10":{"line":102,"type":"binary-expr","locations":[{"start":{"line":102,"column":45},"end":{"line":102,"column":79},"skip":true},{"start":{"line":102,"column":83},"end":{"line":111,"column":9},"skip":true}]},"11":{"line":113,"type":"binary-expr","locations":[{"start":{"line":113,"column":42},"end":{"line":113,"column":73},"skip":true},{"start":{"line":113,"column":77},"end":{"line":125,"column":9},"skip":true}]},"12":{"line":127,"type":"binary-expr","locations":[{"start":{"line":127,"column":42},"end":{"line":127,"column":73},"skip":true},{"start":{"line":127,"column":77},"end":{"line":136,"column":9},"skip":true}]},"13":{"line":138,"type":"binary-expr","locations":[{"start":{"line":138,"column":45},"end":{"line":138,"column":79},"skip":true},{"start":{"line":138,"column":83},"end":{"line":147,"column":9},"skip":true}]},"14":{"line":149,"type":"binary-expr","locations":[{"start":{"line":149,"column":43},"end":{"line":149,"column":75},"skip":true},{"start":{"line":149,"column":79},"end":{"line":158,"column":9},"skip":true}]},"15":{"line":160,"type":"binary-expr","locations":[{"start":{"line":160,"column":41},"end":{"line":160,"column":71},"skip":true},{"start":{"line":160,"column":75},"end":{"line":169,"column":9},"skip":true}]}},"code":["/* istanbul instrument in package npmtest_monitor */","/*jslint","    bitwise: true,","    browser: true,","    maxerr: 8,","    maxlen: 96,","    node: true,","    nomen: true,","    regexp: true,","    stupid: true","*/","(function () {","    'use strict';","    var local;","","","","    // run shared js-env code - pre-init","    (function () {","        // init local","        local = {};","        // init modeJs","        local.modeJs = (function () {","            try {","                return typeof navigator.userAgent === 'string' &&","                    typeof document.querySelector('body') === 'object' &&","                    typeof XMLHttpRequest.prototype.open === 'function' &&","                    'browser';","            } catch (errorCaughtBrowser) {","                return module.exports &&","                    typeof process.versions.node === 'string' &&","                    typeof require('http').createServer === 'function' &&","                    'node';","            }","        }());","        // init global","        local.global = local.modeJs === 'browser'","            ? window","            : global;","        switch (local.modeJs) {","        // re-init local from window.local","        case 'browser':","            local = local.global.utility2.objectSetDefault(","                local.global.utility2_rollup || local.global.local,","                local.global.utility2","            );","            break;","        // re-init local from example.js","        case 'node':","            local = (local.global.utility2_rollup || require('utility2'))","                .requireExampleJsFromReadme();","            break;","        }","        // export local","        local.global.local = local;","    }());","","","","    // run shared js-env code - function","    (function () {","        return;","    }());","    switch (local.modeJs) {","","","","    // run browser js-env code - function","    case 'browser':","        break;","","","","    // run node js-env code - function","    case 'node':","        break;","    }","","","","    // run shared js-env code - post-init","    (function () {","        return;","    }());","    switch (local.modeJs) {","","","","    // run browser js-env code - post-init","    case 'browser':","        // run tests","        local.nop(local.modeTest &&","            document.querySelector('#testRunButton1') &&","            document.querySelector('#testRunButton1').click());","        break;","","","","    // run node js-env code - post-init","    /* istanbul ignore next */","    case 'node':","        local.testCase_buildApidoc_default = local.testCase_buildApidoc_default || function (","            options,","            onError","        ) {","        /*","         * this function will test buildApidoc's default handling-behavior-behavior","         */","            options = { modulePathList: module.paths };","            local.buildApidoc(options, onError);","        };","","        local.testCase_buildApp_default = local.testCase_buildApp_default || function (","            options,","            onError","        ) {","        /*","         * this function will test buildApp's default handling-behavior-behavior","         */","            local.testCase_buildReadme_default(options, local.onErrorThrow);","            local.testCase_buildLib_default(options, local.onErrorThrow);","            local.testCase_buildTest_default(options, local.onErrorThrow);","            options = [];","            local.buildApp(options, onError);","        };","","        local.testCase_buildLib_default = local.testCase_buildLib_default || function (","            options,","            onError","        ) {","        /*","         * this function will test buildLib's default handling-behavior","         */","            options = {};","            local.buildLib(options, onError);","        };","","        local.testCase_buildReadme_default = local.testCase_buildReadme_default || function (","            options,","            onError","        ) {","        /*","         * this function will test buildReadme's default handling-behavior-behavior","         */","            options = {};","            local.buildReadme(options, onError);","        };","","        local.testCase_buildTest_default = local.testCase_buildTest_default || function (","            options,","            onError","        ) {","        /*","         * this function will test buildTest's default handling-behavior","         */","            options = {};","            local.buildTest(options, onError);","        };","","        local.testCase_webpage_default = local.testCase_webpage_default || function (","            options,","            onError","        ) {","        /*","         * this function will test webpage's default handling-behavior","         */","            options = { modeCoverageMerge: true, url: local.serverLocalHost + '?modeTest=1' };","            local.browserTest(options, onError);","        };","","        // run test-server","        local.testRunServer(local);","        break;","    }","}());",""],"l":{"12":2,"14":2,"19":2,"21":2,"23":2,"24":2,"25":2,"30":1,"37":2,"40":2,"43":1,"47":1,"50":1,"52":1,"55":2,"61":2,"62":2,"64":2,"70":1,"76":1,"82":2,"83":2,"85":2,"92":1,"95":1,"102":1,"109":1,"110":1,"113":1,"120":1,"121":1,"122":1,"123":1,"124":1,"127":1,"134":2,"135":2,"138":1,"145":2,"146":2,"149":1,"156":2,"157":2,"160":1,"167":1,"168":1,"172":1,"173":1}},"/home/travis/build/npmtest/node-npmtest-monitor/lib.npmtest_monitor.js":{"path":"/home/travis/build/npmtest/node-npmtest-monitor/lib.npmtest_monitor.js","s":{"1":2,"2":2,"3":2,"4":2,"5":2,"6":2,"7":2,"8":1,"9":2,"10":2,"11":2,"12":2,"13":1,"14":1,"15":1,"16":1},"b":{"1":[2,1,1,1],"2":[1,1,1,1],"3":[1,1],"4":[2,2],"5":[1,1]},"f":{"1":2,"2":2,"3":2},"fnMap":{"1":{"name":"(anonymous_1)","line":12,"loc":{"start":{"line":12,"column":1},"end":{"line":12,"column":13}}},"2":{"name":"(anonymous_2)","line":19,"loc":{"start":{"line":19,"column":5},"end":{"line":19,"column":17}}},"3":{"name":"(anonymous_3)","line":23,"loc":{"start":{"line":23,"column":24},"end":{"line":23,"column":36}}}},"statementMap":{"1":{"start":{"line":12,"column":0},"end":{"line":53,"column":5}},"2":{"start":{"line":14,"column":4},"end":{"line":14,"column":14}},"3":{"start":{"line":19,"column":4},"end":{"line":52,"column":9}},"4":{"start":{"line":21,"column":8},"end":{"line":21,"column":19}},"5":{"start":{"line":23,"column":8},"end":{"line":35,"column":13}},"6":{"start":{"line":24,"column":12},"end":{"line":34,"column":13}},"7":{"start":{"line":25,"column":16},"end":{"line":28,"column":30}},"8":{"start":{"line":30,"column":16},"end":{"line":33,"column":27}},"9":{"start":{"line":37,"column":8},"end":{"line":39,"column":21}},"10":{"start":{"line":41,"column":8},"end":{"line":41,"column":54}},"11":{"start":{"line":43,"column":8},"end":{"line":43,"column":52}},"12":{"start":{"line":45,"column":8},"end":{"line":51,"column":9}},"13":{"start":{"line":46,"column":12},"end":{"line":46,"column":58}},"14":{"start":{"line":48,"column":12},"end":{"line":48,"column":35}},"15":{"start":{"line":49,"column":12},"end":{"line":49,"column":49}},"16":{"start":{"line":50,"column":12},"end":{"line":50,"column":43}}},"branchMap":{"1":{"line":25,"type":"binary-expr","locations":[{"start":{"line":25,"column":23},"end":{"line":25,"column":62}},{"start":{"line":26,"column":20},"end":{"line":26,"column":70}},{"start":{"line":27,"column":20},"end":{"line":27,"column":71}},{"start":{"line":28,"column":20},"end":{"line":28,"column":29}}]},"2":{"line":30,"type":"binary-expr","locations":[{"start":{"line":30,"column":23},"end":{"line":30,"column":37}},{"start":{"line":31,"column":20},"end":{"line":31,"column":61}},{"start":{"line":32,"column":20},"end":{"line":32,"column":70}},{"start":{"line":33,"column":20},"end":{"line":33,"column":26}}]},"3":{"line":37,"type":"cond-expr","locations":[{"start":{"line":38,"column":14},"end":{"line":38,"column":20}},{"start":{"line":39,"column":14},"end":{"line":39,"column":20}}]},"4":{"line":41,"type":"binary-expr","locations":[{"start":{"line":41,"column":16},"end":{"line":41,"column":44}},{"start":{"line":41,"column":48},"end":{"line":41,"column":53}}]},"5":{"line":45,"type":"if","locations":[{"start":{"line":45,"column":8},"end":{"line":45,"column":8}},{"start":{"line":45,"column":8},"end":{"line":45,"column":8}}]}},"code":["/* istanbul instrument in package npmtest_monitor */","/*jslint","    bitwise: true,","    browser: true,","    maxerr: 8,","    maxlen: 96,","    node: true,","    nomen: true,","    regexp: true,","    stupid: true","*/","(function () {","    'use strict';","    var local;","","","","    // run shared js-env code - pre-init","    (function () {","        // init local","        local = {};","        // init modeJs","        local.modeJs = (function () {","            try {","                return typeof navigator.userAgent === 'string' &&","                    typeof document.querySelector('body') === 'object' &&","                    typeof XMLHttpRequest.prototype.open === 'function' &&","                    'browser';","            } catch (errorCaughtBrowser) {","                return module.exports &&","                    typeof process.versions.node === 'string' &&","                    typeof require('http').createServer === 'function' &&","                    'node';","            }","        }());","        // init global","        local.global = local.modeJs === 'browser'","            ? window","            : global;","        // init utility2_rollup","        local = local.global.utility2_rollup || local;","        // init lib","        local.local = local.npmtest_monitor = local;","        // init exports","        if (local.modeJs === 'browser') {","            local.global.utility2_npmtest_monitor = local;","        } else {","            module.exports = local;","            module.exports.__dirname = __dirname;","            module.exports.module = module;","        }","    }());","}());",""],"l":{"12":2,"14":2,"19":2,"21":2,"23":2,"24":2,"25":2,"30":1,"37":2,"41":2,"43":2,"45":2,"46":1,"48":1,"49":1,"50":1}},"/home/travis/build/npmtest/node-npmtest-monitor/example.js":{"path":"/home/travis/build/npmtest/node-npmtest-monitor/example.js","s":{"1":2,"2":2,"3":2,"4":2,"5":2,"6":2,"7":2,"8":1,"9":2,"10":2,"11":2,"12":2,"13":1,"14":2,"15":2,"16":2,"17":2,"18":2,"19":0,"20":2,"21":1,"22":1,"23":1,"24":1,"25":1,"26":0,"27":0,"28":1,"29":1,"30":2,"31":0,"32":0,"33":0,"34":1,"35":2,"36":2,"37":2,"38":2,"39":2,"40":2,"41":0,"42":2,"43":2,"44":2,"45":1,"46":3,"47":1,"48":1,"49":1,"50":1,"51":1,"52":1,"53":1,"54":1,"55":1,"56":1,"57":0,"58":1,"59":6,"60":6,"61":1,"62":2,"63":0,"64":2,"65":1,"66":1,"67":0,"68":0,"69":0,"70":0,"71":0,"72":0,"73":0,"74":0,"75":0,"76":0,"77":0,"78":0,"79":0,"80":0,"81":0,"82":0,"83":0},"b":{"1":[2,1,1,1],"2":[1,1,1,1],"3":[1,1],"4":[2,2],"5":[1,1],"6":[1,1],"7":[2,0],"8":[2,1,1,1,1,1],"9":[0,2,0],"10":[1,1],"11":[2,1,1],"12":[1,0],"13":[0,2],"14":[2,0,0,0,0,0,0],"15":[0,2],"16":[2,0],"17":[1,1],"18":[0,1],"19":[1,2,0,2],"20":[1,0],"21":[1,1],"22":[0,0],"23":[0,0],"24":[0,0],"25":[0,0],"26":[0,0],"27":[0,0],"28":[0,0]},"f":{"1":2,"2":2,"3":2,"4":2,"5":2,"6":2,"7":2,"8":2,"9":3,"10":1,"11":6,"12":0},"fnMap":{"1":{"name":"(anonymous_1)","line":26,"loc":{"start":{"line":26,"column":1},"end":{"line":26,"column":13}}},"2":{"name":"(anonymous_2)","line":33,"loc":{"start":{"line":33,"column":5},"end":{"line":33,"column":17}}},"3":{"name":"(anonymous_3)","line":37,"loc":{"start":{"line":37,"column":24},"end":{"line":37,"column":36}}},"4":{"name":"(anonymous_4)","line":69,"loc":{"start":{"line":69,"column":31},"end":{"line":69,"column":48}},"skip":true},"5":{"name":"(anonymous_5)","line":78,"loc":{"start":{"line":78,"column":26},"end":{"line":78,"column":45}},"skip":true},"6":{"name":"(anonymous_6)","line":123,"loc":{"start":{"line":123,"column":33},"end":{"line":123,"column":48}},"skip":true},"7":{"name":"(anonymous_7)","line":125,"loc":{"start":{"line":125,"column":27},"end":{"line":125,"column":39}},"skip":true},"8":{"name":"(anonymous_8)","line":133,"loc":{"start":{"line":133,"column":59},"end":{"line":133,"column":74}},"skip":true},"9":{"name":"(anonymous_9)","line":143,"loc":{"start":{"line":143,"column":45},"end":{"line":143,"column":62}},"skip":true},"10":{"name":"(anonymous_10)","line":144,"loc":{"start":{"line":144,"column":73},"end":{"line":144,"column":92}},"skip":true},"11":{"name":"(anonymous_11)","line":272,"loc":{"start":{"line":272,"column":51},"end":{"line":272,"column":77}},"skip":true},"12":{"name":"(anonymous_12)","line":314,"loc":{"start":{"line":314,"column":32},"end":{"line":314,"column":61}},"skip":true}},"statementMap":{"1":{"start":{"line":26,"column":0},"end":{"line":325,"column":5}},"2":{"start":{"line":28,"column":4},"end":{"line":28,"column":14}},"3":{"start":{"line":33,"column":4},"end":{"line":60,"column":9}},"4":{"start":{"line":35,"column":8},"end":{"line":35,"column":19}},"5":{"start":{"line":37,"column":8},"end":{"line":49,"column":13}},"6":{"start":{"line":38,"column":12},"end":{"line":48,"column":13}},"7":{"start":{"line":39,"column":16},"end":{"line":42,"column":30}},"8":{"start":{"line":44,"column":16},"end":{"line":47,"column":27}},"9":{"start":{"line":51,"column":8},"end":{"line":53,"column":21}},"10":{"start":{"line":55,"column":8},"end":{"line":57,"column":45}},"11":{"start":{"line":59,"column":8},"end":{"line":59,"column":35}},"12":{"start":{"line":61,"column":4},"end":{"line":324,"column":5}},"13":{"start":{"line":69,"column":8},"end":{"line":121,"column":10},"skip":true},"14":{"start":{"line":70,"column":12},"end":{"line":88,"column":13},"skip":true},"15":{"start":{"line":76,"column":16},"end":{"line":87,"column":19},"skip":true},"16":{"start":{"line":79,"column":20},"end":{"line":86,"column":21},"skip":true},"17":{"start":{"line":82,"column":24},"end":{"line":82,"column":43},"skip":true},"18":{"start":{"line":83,"column":24},"end":{"line":83,"column":30},"skip":true},"19":{"start":{"line":85,"column":24},"end":{"line":85,"column":49},"skip":true},"20":{"start":{"line":89,"column":12},"end":{"line":107,"column":13},"skip":true},"21":{"start":{"line":92,"column":16},"end":{"line":102,"column":17},"skip":true},"22":{"start":{"line":93,"column":20},"end":{"line":93,"column":86},"skip":true},"23":{"start":{"line":94,"column":20},"end":{"line":95,"column":45},"skip":true},"24":{"start":{"line":96,"column":20},"end":{"line":96,"column":42},"skip":true},"25":{"start":{"line":97,"column":20},"end":{"line":97,"column":48},"skip":true},"26":{"start":{"line":100,"column":20},"end":{"line":100,"column":85},"skip":true},"27":{"start":{"line":101,"column":20},"end":{"line":101,"column":96},"skip":true},"28":{"start":{"line":103,"column":16},"end":{"line":103,"column":22},"skip":true},"29":{"start":{"line":106,"column":16},"end":{"line":106,"column":22},"skip":true},"30":{"start":{"line":108,"column":12},"end":{"line":120,"column":13},"skip":true},"31":{"start":{"line":114,"column":16},"end":{"line":119,"column":17},"skip":true},"32":{"start":{"line":116,"column":20},"end":{"line":116,"column":78},"skip":true},"33":{"start":{"line":118,"column":20},"end":{"line":118,"column":53},"skip":true},"34":{"start":{"line":123,"column":8},"end":{"line":141,"column":11},"skip":true},"35":{"start":{"line":124,"column":12},"end":{"line":124,"column":54},"skip":true},"36":{"start":{"line":125,"column":12},"end":{"line":140,"column":14},"skip":true},"37":{"start":{"line":126,"column":16},"end":{"line":126,"column":28},"skip":true},"38":{"start":{"line":127,"column":16},"end":{"line":127,"column":69},"skip":true},"39":{"start":{"line":128,"column":16},"end":{"line":128,"column":75},"skip":true},"40":{"start":{"line":129,"column":16},"end":{"line":131,"column":17},"skip":true},"41":{"start":{"line":130,"column":20},"end":{"line":130,"column":27},"skip":true},"42":{"start":{"line":133,"column":16},"end":{"line":137,"column":36},"skip":true},"43":{"start":{"line":134,"column":20},"end":{"line":136,"column":55},"skip":true},"44":{"start":{"line":139,"column":16},"end":{"line":139,"column":57},"skip":true},"45":{"start":{"line":143,"column":8},"end":{"line":147,"column":11},"skip":true},"46":{"start":{"line":144,"column":12},"end":{"line":146,"column":15},"skip":true},"47":{"start":{"line":145,"column":16},"end":{"line":145,"column":70},"skip":true},"48":{"start":{"line":149,"column":8},"end":{"line":149,"column":31},"skip":true},"49":{"start":{"line":150,"column":8},"end":{"line":150,"column":14},"skip":true},"50":{"start":{"line":158,"column":8},"end":{"line":158,"column":31},"skip":true},"51":{"start":{"line":160,"column":8},"end":{"line":160,"column":33},"skip":true},"52":{"start":{"line":161,"column":8},"end":{"line":161,"column":37},"skip":true},"53":{"start":{"line":162,"column":8},"end":{"line":162,"column":35},"skip":true},"54":{"start":{"line":164,"column":8},"end":{"line":164,"column":50},"skip":true},"55":{"start":{"line":166,"column":8},"end":{"line":256,"column":2},"skip":true},"56":{"start":{"line":258,"column":8},"end":{"line":286,"column":9},"skip":true},"57":{"start":{"line":259,"column":12},"end":{"line":269,"column":14},"skip":true},"58":{"start":{"line":271,"column":12},"end":{"line":285,"column":19},"skip":true},"59":{"start":{"line":274,"column":20},"end":{"line":274,"column":35},"skip":true},"60":{"start":{"line":275,"column":20},"end":{"line":284,"column":21},"skip":true},"61":{"start":{"line":277,"column":24},"end":{"line":277,"column":64},"skip":true},"62":{"start":{"line":279,"column":24},"end":{"line":279,"column":40},"skip":true},"63":{"start":{"line":281,"column":24},"end":{"line":281,"column":40},"skip":true},"64":{"start":{"line":283,"column":24},"end":{"line":283,"column":39},"skip":true},"65":{"start":{"line":288,"column":8},"end":{"line":290,"column":9},"skip":true},"66":{"start":{"line":289,"column":12},"end":{"line":289,"column":18},"skip":true},"67":{"start":{"line":291,"column":8},"end":{"line":293,"column":54},"skip":true},"68":{"start":{"line":294,"column":8},"end":{"line":301,"column":37},"skip":true},"69":{"start":{"line":302,"column":8},"end":{"line":302,"column":82},"skip":true},"70":{"start":{"line":305,"column":8},"end":{"line":307,"column":9},"skip":true},"71":{"start":{"line":306,"column":12},"end":{"line":306,"column":82},"skip":true},"72":{"start":{"line":309,"column":8},"end":{"line":311,"column":9},"skip":true},"73":{"start":{"line":310,"column":12},"end":{"line":310,"column":18},"skip":true},"74":{"start":{"line":312,"column":8},"end":{"line":312,"column":54},"skip":true},"75":{"start":{"line":313,"column":8},"end":{"line":313,"column":69},"skip":true},"76":{"start":{"line":314,"column":8},"end":{"line":322,"column":36},"skip":true},"77":{"start":{"line":315,"column":12},"end":{"line":315,"column":61},"skip":true},"78":{"start":{"line":316,"column":12},"end":{"line":319,"column":13},"skip":true},"79":{"start":{"line":317,"column":16},"end":{"line":317,"column":75},"skip":true},"80":{"start":{"line":318,"column":16},"end":{"line":318,"column":23},"skip":true},"81":{"start":{"line":320,"column":12},"end":{"line":320,"column":38},"skip":true},"82":{"start":{"line":321,"column":12},"end":{"line":321,"column":27},"skip":true},"83":{"start":{"line":323,"column":8},"end":{"line":323,"column":14},"skip":true}},"branchMap":{"1":{"line":39,"type":"binary-expr","locations":[{"start":{"line":39,"column":23},"end":{"line":39,"column":62}},{"start":{"line":40,"column":20},"end":{"line":40,"column":70}},{"start":{"line":41,"column":20},"end":{"line":41,"column":71}},{"start":{"line":42,"column":20},"end":{"line":42,"column":29}}]},"2":{"line":44,"type":"binary-expr","locations":[{"start":{"line":44,"column":23},"end":{"line":44,"column":37}},{"start":{"line":45,"column":20},"end":{"line":45,"column":61}},{"start":{"line":46,"column":20},"end":{"line":46,"column":70}},{"start":{"line":47,"column":20},"end":{"line":47,"column":26}}]},"3":{"line":51,"type":"cond-expr","locations":[{"start":{"line":52,"column":14},"end":{"line":52,"column":20}},{"start":{"line":53,"column":14},"end":{"line":53,"column":20}}]},"4":{"line":55,"type":"binary-expr","locations":[{"start":{"line":55,"column":16},"end":{"line":55,"column":44}},{"start":{"line":55,"column":49},"end":{"line":57,"column":43}}]},"5":{"line":55,"type":"cond-expr","locations":[{"start":{"line":56,"column":14},"end":{"line":56,"column":51}},{"start":{"line":57,"column":14},"end":{"line":57,"column":43}}]},"6":{"line":61,"type":"switch","locations":[{"start":{"line":68,"column":4},"end":{"line":150,"column":14},"skip":true},{"start":{"line":156,"column":4},"end":{"line":323,"column":14},"skip":true}]},"7":{"line":70,"type":"if","locations":[{"start":{"line":70,"column":12},"end":{"line":70,"column":12},"skip":true},{"start":{"line":70,"column":12},"end":{"line":70,"column":12},"skip":true}]},"8":{"line":70,"type":"binary-expr","locations":[{"start":{"line":70,"column":16},"end":{"line":70,"column":22},"skip":true},{"start":{"line":70,"column":27},"end":{"line":70,"column":32},"skip":true},{"start":{"line":71,"column":20},"end":{"line":71,"column":39},"skip":true},{"start":{"line":72,"column":20},"end":{"line":72,"column":49},"skip":true},{"start":{"line":73,"column":20},"end":{"line":73,"column":58},"skip":true},{"start":{"line":74,"column":20},"end":{"line":74,"column":69},"skip":true}]},"9":{"line":79,"type":"switch","locations":[{"start":{"line":80,"column":20},"end":{"line":80,"column":33},"skip":true},{"start":{"line":81,"column":20},"end":{"line":83,"column":30},"skip":true},{"start":{"line":84,"column":20},"end":{"line":85,"column":49},"skip":true}]},"10":{"line":89,"type":"switch","locations":[{"start":{"line":90,"column":12},"end":{"line":103,"column":22},"skip":true},{"start":{"line":105,"column":12},"end":{"line":106,"column":22},"skip":true}]},"11":{"line":89,"type":"binary-expr","locations":[{"start":{"line":89,"column":20},"end":{"line":89,"column":25},"skip":true},{"start":{"line":89,"column":29},"end":{"line":89,"column":48},"skip":true},{"start":{"line":89,"column":52},"end":{"line":89,"column":74},"skip":true}]},"12":{"line":92,"type":"if","locations":[{"start":{"line":92,"column":16},"end":{"line":92,"column":16},"skip":true},{"start":{"line":92,"column":16},"end":{"line":92,"column":16},"skip":true}]},"13":{"line":108,"type":"if","locations":[{"start":{"line":108,"column":12},"end":{"line":108,"column":12},"skip":true},{"start":{"line":108,"column":12},"end":{"line":108,"column":12},"skip":true}]},"14":{"line":108,"type":"binary-expr","locations":[{"start":{"line":108,"column":16},"end":{"line":108,"column":61},"skip":true},{"start":{"line":108,"column":66},"end":{"line":108,"column":72},"skip":true},{"start":{"line":108,"column":77},"end":{"line":108,"column":82},"skip":true},{"start":{"line":109,"column":20},"end":{"line":109,"column":39},"skip":true},{"start":{"line":110,"column":20},"end":{"line":110,"column":49},"skip":true},{"start":{"line":111,"column":20},"end":{"line":111,"column":58},"skip":true},{"start":{"line":112,"column":20},"end":{"line":112,"column":68},"skip":true}]},"15":{"line":129,"type":"if","locations":[{"start":{"line":129,"column":16},"end":{"line":129,"column":16},"skip":true},{"start":{"line":129,"column":16},"end":{"line":129,"column":16},"skip":true}]},"16":{"line":134,"type":"cond-expr","locations":[{"start":{"line":135,"column":26},"end":{"line":135,"column":29},"skip":true},{"start":{"line":136,"column":26},"end":{"line":136,"column":54},"skip":true}]},"17":{"line":164,"type":"binary-expr","locations":[{"start":{"line":164,"column":27},"end":{"line":164,"column":43},"skip":true},{"start":{"line":164,"column":47},"end":{"line":164,"column":49},"skip":true}]},"18":{"line":258,"type":"if","locations":[{"start":{"line":258,"column":8},"end":{"line":258,"column":8},"skip":true},{"start":{"line":258,"column":8},"end":{"line":258,"column":8},"skip":true}]},"19":{"line":275,"type":"switch","locations":[{"start":{"line":276,"column":20},"end":{"line":277,"column":64},"skip":true},{"start":{"line":278,"column":20},"end":{"line":279,"column":40},"skip":true},{"start":{"line":280,"column":20},"end":{"line":281,"column":40},"skip":true},{"start":{"line":282,"column":20},"end":{"line":283,"column":39},"skip":true}]},"20":{"line":288,"type":"if","locations":[{"start":{"line":288,"column":8},"end":{"line":288,"column":8},"skip":true},{"start":{"line":288,"column":8},"end":{"line":288,"column":8},"skip":true}]},"21":{"line":288,"type":"binary-expr","locations":[{"start":{"line":288,"column":12},"end":{"line":288,"column":40},"skip":true},{"start":{"line":288,"column":44},"end":{"line":288,"column":67},"skip":true}]},"22":{"line":292,"type":"binary-expr","locations":[{"start":{"line":292,"column":12},"end":{"line":292,"column":50},"skip":true},{"start":{"line":293,"column":12},"end":{"line":293,"column":53},"skip":true}]},"23":{"line":295,"type":"binary-expr","locations":[{"start":{"line":295,"column":12},"end":{"line":295,"column":65},"skip":true},{"start":{"line":296,"column":12},"end":{"line":301,"column":36},"skip":true}]},"24":{"line":302,"type":"binary-expr","locations":[{"start":{"line":302,"column":43},"end":{"line":302,"column":75},"skip":true},{"start":{"line":302,"column":79},"end":{"line":302,"column":81},"skip":true}]},"25":{"line":305,"type":"if","locations":[{"start":{"line":305,"column":8},"end":{"line":305,"column":8},"skip":true},{"start":{"line":305,"column":8},"end":{"line":305,"column":8},"skip":true}]},"26":{"line":309,"type":"if","locations":[{"start":{"line":309,"column":8},"end":{"line":309,"column":8},"skip":true},{"start":{"line":309,"column":8},"end":{"line":309,"column":8},"skip":true}]},"27":{"line":312,"type":"binary-expr","locations":[{"start":{"line":312,"column":27},"end":{"line":312,"column":43},"skip":true},{"start":{"line":312,"column":47},"end":{"line":312,"column":53},"skip":true}]},"28":{"line":316,"type":"if","locations":[{"start":{"line":316,"column":12},"end":{"line":316,"column":12},"skip":true},{"start":{"line":316,"column":12},"end":{"line":316,"column":12},"skip":true}]}},"code":["/*","example.js","","quickstart example","","instruction","    1. save this script as example.js","    2. run the shell command:","        $ npm install npmtest-monitor && PORT=8081 node example.js","    3. play with the browser-demo on http://127.0.0.1:8081","*/","","","","/* istanbul instrument in package npmtest_monitor */","/*jslint","    bitwise: true,","    browser: true,","    maxerr: 8,","    maxlen: 96,","    node: true,","    nomen: true,","    regexp: true,","    stupid: true","*/","(function () {","    'use strict';","    var local;","","","","    // run shared js-env code - pre-init","    (function () {","        // init local","        local = {};","        // init modeJs","        local.modeJs = (function () {","            try {","                return typeof navigator.userAgent === 'string' &&","                    typeof document.querySelector('body') === 'object' &&","                    typeof XMLHttpRequest.prototype.open === 'function' &&","                    'browser';","            } catch (errorCaughtBrowser) {","                return module.exports &&","                    typeof process.versions.node === 'string' &&","                    typeof require('http').createServer === 'function' &&","                    'node';","            }","        }());","        // init global","        local.global = local.modeJs === 'browser'","            ? window","            : global;","        // init utility2_rollup","        local = local.global.utility2_rollup || (local.modeJs === 'browser'","            ? local.global.utility2_npmtest_monitor","            : global.utility2_moduleExports);","        // export local","        local.global.local = local;","    }());","    switch (local.modeJs) {","","","","    // post-init","    // run browser js-env code - post-init","    /* istanbul ignore next */","    case 'browser':","        local.testRunBrowser = function (event) {","            if (!event || (event &&","                    event.currentTarget &&","                    event.currentTarget.className &&","                    event.currentTarget.className.includes &&","                    event.currentTarget.className.includes('onreset'))) {","                // reset output","                Array.from(","                    document.querySelectorAll('body > .resettable')","                ).forEach(function (element) {","                    switch (element.tagName) {","                    case 'INPUT':","                    case 'TEXTAREA':","                        element.value = '';","                        break;","                    default:","                        element.textContent = '';","                    }","                });","            }","            switch (event && event.currentTarget && event.currentTarget.id) {","            case 'testRunButton1':","                // show tests","                if (document.querySelector('#testReportDiv1').style.display === 'none') {","                    document.querySelector('#testReportDiv1').style.display = 'block';","                    document.querySelector('#testRunButton1').textContent =","                        'hide internal test';","                    local.modeTest = true;","                    local.testRunDefault(local);","                // hide tests","                } else {","                    document.querySelector('#testReportDiv1').style.display = 'none';","                    document.querySelector('#testRunButton1').textContent = 'run internal test';","                }","                break;","            // custom-case","            default:","                break;","            }","            if (document.querySelector('#inputTextareaEval1') && (!event || (event &&","                    event.currentTarget &&","                    event.currentTarget.className &&","                    event.currentTarget.className.includes &&","                    event.currentTarget.className.includes('oneval')))) {","                // try to eval input-code","                try {","                    /*jslint evil: true*/","                    eval(document.querySelector('#inputTextareaEval1').value);","                } catch (errorCaught) {","                    console.error(errorCaught.stack);","                }","            }","        };","        // log stderr and stdout to #outputTextareaStdout1","        ['error', 'log'].forEach(function (key) {","            console[key + '_original'] = console[key];","            console[key] = function () {","                var element;","                console[key + '_original'].apply(console, arguments);","                element = document.querySelector('#outputTextareaStdout1');","                if (!element) {","                    return;","                }","                // append text to #outputTextareaStdout1","                element.value += Array.from(arguments).map(function (arg) {","                    return typeof arg === 'string'","                        ? arg","                        : JSON.stringify(arg, null, 4);","                }).join(' ') + '\\n';","                // scroll textarea to bottom","                element.scrollTop = element.scrollHeight;","            };","        });","        // init event-handling","        ['change', 'click', 'keyup'].forEach(function (event) {","            Array.from(document.querySelectorAll('.on' + event)).forEach(function (element) {","                element.addEventListener(event, local.testRunBrowser);","            });","        });","        // run tests","        local.testRunBrowser();","        break;","","","","    // run node js-env code - post-init","    /* istanbul ignore next */","    case 'node':","        // export local","        module.exports = local;","        // require modules","        local.fs = require('fs');","        local.http = require('http');","        local.url = require('url');","        // init assets","        local.assetsDict = local.assetsDict || {};","        /* jslint-ignore-begin */","        local.assetsDict['/assets.index.template.html'] = '\\","<!doctype html>\\n\\","<html lang=\"en\">\\n\\","<head>\\n\\","<meta charset=\"UTF-8\">\\n\\","<meta name=\"viewport\" content=\"width=device-width, initial-scale=1\">\\n\\","<title>{{env.npm_package_name}} (v{{env.npm_package_version}})</title>\\n\\","<style>\\n\\","/*csslint\\n\\","    box-sizing: false,\\n\\","    universal-selector: false\\n\\","*/\\n\\","* {\\n\\","    box-sizing: border-box;\\n\\","}\\n\\","body {\\n\\","    background: #dde;\\n\\","    font-family: Arial, Helvetica, sans-serif;\\n\\","    margin: 2rem;\\n\\","}\\n\\","body > * {\\n\\","    margin-bottom: 1rem;\\n\\","}\\n\\",".utility2FooterDiv {\\n\\","    margin-top: 20px;\\n\\","    text-align: center;\\n\\","}\\n\\","</style>\\n\\","<style>\\n\\","/*csslint\\n\\","*/\\n\\","textarea {\\n\\","    font-family: monospace;\\n\\","    height: 10rem;\\n\\","    width: 100%;\\n\\","}\\n\\","textarea[readonly] {\\n\\","    background: #ddd;\\n\\","}\\n\\","</style>\\n\\","</head>\\n\\","<body>\\n\\","<!-- utility2-comment\\n\\","<div id=\"ajaxProgressDiv1\" style=\"background: #d00; height: 2px; left: 0; margin: 0; padding: 0; position: fixed; top: 0; transition: background 0.5s, width 1.5s; width: 25%;\"></div>\\n\\","utility2-comment -->\\n\\","<h1>\\n\\","<!-- utility2-comment\\n\\","    <a\\n\\","        {{#if env.npm_package_homepage}}\\n\\","        href=\"{{env.npm_package_homepage}}\"\\n\\","        {{/if env.npm_package_homepage}}\\n\\","        target=\"_blank\"\\n\\","    >\\n\\","utility2-comment -->\\n\\","        {{env.npm_package_name}} (v{{env.npm_package_version}})\\n\\","<!-- utility2-comment\\n\\","    </a>\\n\\","utility2-comment -->\\n\\","</h1>\\n\\","<h3>{{env.npm_package_description}}</h3>\\n\\","<!-- utility2-comment\\n\\","<h4><a download href=\"assets.app.js\">download standalone app</a></h4>\\n\\","<button class=\"onclick onreset\" id=\"testRunButton1\">run internal test</button><br>\\n\\","<div id=\"testReportDiv1\" style=\"display: none;\"></div>\\n\\","utility2-comment -->\\n\\","\\n\\","\\n\\","\\n\\","<label>stderr and stdout</label>\\n\\","<textarea class=\"resettable\" id=\"outputTextareaStdout1\" readonly></textarea>\\n\\","<!-- utility2-comment\\n\\","{{#if isRollup}}\\n\\","<script src=\"assets.app.js\"></script>\\n\\","{{#unless isRollup}}\\n\\","utility2-comment -->\\n\\","<script src=\"assets.utility2.rollup.js\"></script>\\n\\","<script src=\"jsonp.utility2._stateInit?callback=window.utility2._stateInit\"></script>\\n\\","<script src=\"assets.npmtest_monitor.rollup.js\"></script>\\n\\","<script src=\"assets.example.js\"></script>\\n\\","<script src=\"assets.test.js\"></script>\\n\\","<!-- utility2-comment\\n\\","{{/if isRollup}}\\n\\","utility2-comment -->\\n\\","<div class=\"utility2FooterDiv\">\\n\\","    [ this app was created with\\n\\","    <a href=\"https://github.com/kaizhu256/node-utility2\" target=\"_blank\">utility2</a>\\n\\","    ]\\n\\","</div>\\n\\","</body>\\n\\","</html>\\n\\","';","        /* jslint-ignore-end */","        if (local.templateRender) {","            local.assetsDict['/'] = local.templateRender(","                local.assetsDict['/assets.index.template.html'],","                {","                    env: local.objectSetDefault(local.env, {","                        npm_package_description: 'the greatest app in the world!',","                        npm_package_name: 'my-app',","                        npm_package_nameAlias: 'my_app',","                        npm_package_version: '0.0.1'","                    })","                }","            );","        } else {","            local.assetsDict['/'] = local.assetsDict['/assets.index.template.html']","                .replace((/\\{\\{env\\.(\\w+?)\\}\\}/g), function (match0, match1) {","                    // jslint-hack","                    String(match0);","                    switch (match1) {","                    case 'npm_package_description':","                        return 'the greatest app in the world!';","                    case 'npm_package_name':","                        return 'my-app';","                    case 'npm_package_nameAlias':","                        return 'my_app';","                    case 'npm_package_version':","                        return '0.0.1';","                    }","                });","        }","        // run the cli","        if (local.global.utility2_rollup || module !== require.main) {","            break;","        }","        local.assetsDict['/assets.example.js'] =","            local.assetsDict['/assets.example.js'] ||","            local.fs.readFileSync(__filename, 'utf8');","        local.assetsDict['/assets.npmtest_monitor.rollup.js'] =","            local.assetsDict['/assets.npmtest_monitor.rollup.js'] ||","            local.fs.readFileSync(","                // buildCustomOrg-hack","                local.npmtest_monitor.__dirname +","                    '/lib.npmtest_monitor.js',","                'utf8'","            ).replace((/^#!/), '//');","        local.assetsDict['/favicon.ico'] = local.assetsDict['/favicon.ico'] || '';","        // if $npm_config_timeout_exit exists,","        // then exit this process after $npm_config_timeout_exit ms","        if (Number(process.env.npm_config_timeout_exit)) {","            setTimeout(process.exit, Number(process.env.npm_config_timeout_exit));","        }","        // start server","        if (local.global.utility2_serverHttp1) {","            break;","        }","        process.env.PORT = process.env.PORT || '8081';","        console.error('server starting on port ' + process.env.PORT);","        local.http.createServer(function (request, response) {","            request.urlParsed = local.url.parse(request.url);","            if (local.assetsDict[request.urlParsed.pathname] !== undefined) {","                response.end(local.assetsDict[request.urlParsed.pathname]);","                return;","            }","            response.statusCode = 404;","            response.end();","        }).listen(process.env.PORT);","        break;","    }","}());",""],"l":{"26":2,"28":2,"33":2,"35":2,"37":2,"38":2,"39":2,"44":1,"51":2,"55":2,"59":2,"61":2,"69":1,"70":2,"76":2,"79":2,"82":2,"83":2,"85":1,"89":2,"92":1,"93":1,"94":1,"96":1,"97":1,"100":1,"101":1,"103":1,"106":1,"108":2,"114":1,"116":1,"118":1,"123":1,"124":2,"125":2,"126":2,"127":2,"128":2,"129":2,"130":1,"133":2,"134":2,"139":2,"143":1,"144":3,"145":1,"149":1,"150":1,"158":1,"160":1,"161":1,"162":1,"164":1,"166":1,"258":1,"259":1,"271":1,"274":6,"275":6,"277":1,"279":2,"281":1,"283":2,"288":1,"289":1,"291":1,"294":1,"302":1,"305":1,"306":1,"309":1,"310":1,"312":1,"313":1,"314":1,"315":1,"316":1,"317":1,"318":1,"320":1,"321":1,"323":1}},"/home/travis/build/npmtest/node-npmtest-monitor/monitor/lib/index.js":{"path":"/home/travis/build/npmtest/node-npmtest-monitor/monitor/lib/index.js","s":{"1":1,"2":1,"3":1,"4":1,"5":0,"6":1,"7":1,"8":1,"9":1,"10":1,"11":20},"b":{"1":[1,0],"2":[0,1]},"f":{"1":1,"2":20},"fnMap":{"1":{"name":"(anonymous_1)","line":5,"loc":{"start":{"line":5,"column":1},"end":{"line":5,"column":15}}},"2":{"name":"(anonymous_2)","line":35,"loc":{"start":{"line":35,"column":23},"end":{"line":35,"column":38}}}},"statementMap":{"1":{"start":{"line":5,"column":0},"end":{"line":39,"column":9}},"2":{"start":{"line":14,"column":2},"end":{"line":14,"column":50}},"3":{"start":{"line":15,"column":2},"end":{"line":37,"column":3}},"4":{"start":{"line":18,"column":4},"end":{"line":36,"column":5}},"5":{"start":{"line":19,"column":6},"end":{"line":19,"column":38}},"6":{"start":{"line":25,"column":6},"end":{"line":25,"column":75}},"7":{"start":{"line":28,"column":6},"end":{"line":28,"column":61}},"8":{"start":{"line":31,"column":6},"end":{"line":31,"column":57}},"9":{"start":{"line":34,"column":6},"end":{"line":34,"column":62}},"10":{"start":{"line":35,"column":6},"end":{"line":35,"column":64}},"11":{"start":{"line":35,"column":39},"end":{"line":35,"column":61}}},"branchMap":{"1":{"line":15,"type":"if","locations":[{"start":{"line":15,"column":2},"end":{"line":15,"column":2}},{"start":{"line":15,"column":2},"end":{"line":15,"column":2}}]},"2":{"line":18,"type":"if","locations":[{"start":{"line":18,"column":4},"end":{"line":18,"column":4}},{"start":{"line":18,"column":4},"end":{"line":18,"column":4}}]}},"code":["// index.js (c) 2010-2014 Loren West and other contributors","// May be freely distributed under the MIT license.","// For further details and documentation:","// http://lorenwest.github.com/node-monitor","(function(root){","","  /*","  * Entry point for commonJS style loading","  *","  * This file coordinates the loading of modules in a consistent order","  * in a commonJS environment.","  */","","  var commonJS = (typeof exports !== 'undefined');","  if (commonJS) {","","    // Only load once","    if (global.Monitor) {","      module.exports = global.Monitor;","    }","    else {","","      // Export the Monitor class to module and global scope to assure","      // a single load, and to match the browser-side global Monitor.","      var Monitor = global.Monitor = module.exports = require('./Monitor');","","      // Attach backbone callbacks","      require('backbone-callbacks').attach(Monitor.Backbone);","","      // Grunt.js contains the module definition files","      var MODULE_DEF = require('../grunt.js').MODULE_DEF;","","      // Load local library files, then server-only probes","      var allFiles = MODULE_DEF.lib.concat(MODULE_DEF.probes);","      allFiles.forEach(function(file) {require('../' + file);});","    }","  }","","}(this));",""],"l":{"5":1,"14":1,"15":1,"18":1,"19":0,"25":1,"28":1,"31":1,"34":1,"35":20}},"/home/travis/build/npmtest/node-npmtest-monitor/monitor/lib/Monitor.js":{"path":"/home/travis/build/npmtest/node-npmtest-monitor/monitor/lib/Monitor.js","s":{"1":1,"2":1,"3":1,"4":1,"5":0,"6":0,"7":0,"8":0,"9":0,"10":0,"11":0,"12":0,"13":0,"14":0,"15":0,"16":0,"17":0,"18":0,"19":0,"20":0,"21":0,"22":0,"23":0,"24":0,"25":0,"26":0,"27":0,"28":0,"29":0,"30":0,"31":0,"32":0,"33":0,"34":0,"35":0,"36":0,"37":0,"38":0,"39":0,"40":0,"41":0,"42":0,"43":0,"44":0,"45":0,"46":0,"47":0,"48":0,"49":0,"50":0,"51":0,"52":0,"53":0,"54":0,"55":0,"56":0,"57":0,"58":0,"59":0,"60":0,"61":0,"62":0,"63":0,"64":0,"65":0,"66":0,"67":0,"68":0,"69":0,"70":1,"71":0,"72":1,"73":0,"74":0,"75":1,"76":0,"77":0,"78":0,"79":0,"80":0,"81":0,"82":0,"83":0,"84":0,"85":1,"86":0,"87":0,"88":0,"89":0,"90":0,"91":1,"92":0,"93":0,"94":0,"95":0,"96":0,"97":0,"98":0,"99":1,"100":0,"101":0,"102":0,"103":0,"104":0,"105":0,"106":1,"107":0,"108":0,"109":0,"110":0,"111":0,"112":0,"113":1,"114":0,"115":0,"116":0,"117":0,"118":0,"119":0,"120":0,"121":0,"122":0,"123":0,"124":0,"125":0,"126":0,"127":0,"128":0,"129":0,"130":0,"131":0,"132":0,"133":0,"134":0,"135":0,"136":1,"137":0,"138":0,"139":1,"140":1,"141":5,"142":1,"143":1,"144":1,"145":10,"146":1,"147":1,"148":1,"149":1,"150":1,"151":1,"152":0,"153":1,"154":1,"155":1,"156":1,"157":1,"158":1,"159":0,"160":1,"161":1,"162":0,"163":0,"164":0,"165":0,"166":0,"167":0,"168":0},"b":{"1":[1,0],"2":[1,0],"3":[1,0],"4":[0,0],"5":[0,0],"6":[0,0],"7":[0,0],"8":[0,0],"9":[0,0],"10":[0,0],"11":[0,0],"12":[0,0],"13":[0,0],"14":[0,0],"15":[0,0],"16":[0,0],"17":[0,0],"18":[0,0],"19":[0,0],"20":[0,0],"21":[0,0],"22":[0,0],"23":[0,0],"24":[0,0],"25":[0,0],"26":[0,0],"27":[0,0],"28":[0,0],"29":[0,0],"30":[0,0],"31":[0,0],"32":[0,0],"33":[0,0],"34":[0,0],"35":[0,0],"36":[0,0],"37":[0,0],"38":[0,0],"39":[0,0],"40":[0,0],"41":[0,0],"42":[0,0],"43":[0,0],"44":[0,0],"45":[0,0],"46":[0,0],"47":[0,0],"48":[0,0],"49":[0,0],"50":[1,0],"51":[1,0],"52":[0,1],"53":[0,0]},"f":{"1":1,"2":0,"3":0,"4":0,"5":0,"6":0,"7":0,"8":0,"9":0,"10":0,"11":0,"12":0,"13":0,"14":0,"15":0,"16":0,"17":0,"18":0,"19":0,"20":0,"21":0,"22":0,"23":0,"24":0,"25":0,"26":0,"27":0,"28":0,"29":0,"30":1,"31":5,"32":1,"33":10,"34":0,"35":0,"36":0},"fnMap":{"1":{"name":"(anonymous_1)","line":5,"loc":{"start":{"line":5,"column":1},"end":{"line":5,"column":15}}},"2":{"name":"(anonymous_2)","line":125,"loc":{"start":{"line":125,"column":16},"end":{"line":125,"column":42}}},"3":{"name":"(anonymous_3)","line":142,"loc":{"start":{"line":142,"column":13},"end":{"line":142,"column":32}}},"4":{"name":"(anonymous_4)","line":144,"loc":{"start":{"line":144,"column":44},"end":{"line":144,"column":60}}},"5":{"name":"(anonymous_5)","line":184,"loc":{"start":{"line":184,"column":19},"end":{"line":184,"column":30}}},"6":{"name":"(anonymous_6)","line":195,"loc":{"start":{"line":195,"column":17},"end":{"line":195,"column":28}}},"7":{"name":"(anonymous_7)","line":222,"loc":{"start":{"line":222,"column":16},"end":{"line":222,"column":35}}},"8":{"name":"(anonymous_8)","line":232,"loc":{"start":{"line":232,"column":55},"end":{"line":232,"column":79}}},"9":{"name":"(anonymous_9)","line":251,"loc":{"start":{"line":251,"column":14},"end":{"line":251,"column":25}}},"10":{"name":"(anonymous_10)","line":268,"loc":{"start":{"line":268,"column":42},"end":{"line":268,"column":58}}},"11":{"name":"(anonymous_11)","line":299,"loc":{"start":{"line":299,"column":13},"end":{"line":299,"column":46}}},"12":{"name":"(anonymous_12)","line":313,"loc":{"start":{"line":313,"column":21},"end":{"line":313,"column":43}}},"13":{"name":"(anonymous_13)","line":355,"loc":{"start":{"line":355,"column":17},"end":{"line":355,"column":35}}},"14":{"name":"(anonymous_14)","line":360,"loc":{"start":{"line":360,"column":32},"end":{"line":360,"column":53}}},"15":{"name":"(anonymous_15)","line":381,"loc":{"start":{"line":381,"column":19},"end":{"line":381,"column":37}}},"16":{"name":"(anonymous_16)","line":386,"loc":{"start":{"line":386,"column":32},"end":{"line":386,"column":53}}},"17":{"name":"(anonymous_17)","line":407,"loc":{"start":{"line":407,"column":20},"end":{"line":407,"column":31}}},"18":{"name":"(anonymous_18)","line":429,"loc":{"start":{"line":429,"column":29},"end":{"line":429,"column":40}}},"19":{"name":"rhs4","line":432,"loc":{"start":{"line":432,"column":4},"end":{"line":432,"column":20}}},"20":{"name":"(anonymous_20)","line":447,"loc":{"start":{"line":447,"column":39},"end":{"line":447,"column":68}}},"21":{"name":"(anonymous_21)","line":454,"loc":{"start":{"line":454,"column":25},"end":{"line":454,"column":39}}},"22":{"name":"(anonymous_22)","line":476,"loc":{"start":{"line":476,"column":22},"end":{"line":476,"column":33}}},"23":{"name":"(anonymous_23)","line":519,"loc":{"start":{"line":519,"column":18},"end":{"line":519,"column":46}}},"24":{"name":"(anonymous_24)","line":521,"loc":{"start":{"line":521,"column":27},"end":{"line":521,"column":37}}},"25":{"name":"(anonymous_25)","line":540,"loc":{"start":{"line":540,"column":17},"end":{"line":540,"column":36}}},"26":{"name":"(anonymous_26)","line":542,"loc":{"start":{"line":542,"column":27},"end":{"line":542,"column":37}}},"27":{"name":"(anonymous_27)","line":568,"loc":{"start":{"line":568,"column":27},"end":{"line":568,"column":49}}},"28":{"name":"(anonymous_28)","line":597,"loc":{"start":{"line":597,"column":21},"end":{"line":597,"column":44}}},"29":{"name":"(anonymous_29)","line":672,"loc":{"start":{"line":672,"column":22},"end":{"line":672,"column":53}}},"30":{"name":"(anonymous_30)","line":688,"loc":{"start":{"line":688,"column":31},"end":{"line":688,"column":57}}},"31":{"name":"(anonymous_31)","line":691,"loc":{"start":{"line":691,"column":28},"end":{"line":691,"column":45}}},"32":{"name":"(anonymous_32)","line":706,"loc":{"start":{"line":706,"column":27},"end":{"line":706,"column":49}}},"33":{"name":"(anonymous_33)","line":709,"loc":{"start":{"line":709,"column":24},"end":{"line":709,"column":41}}},"34":{"name":"(anonymous_34)","line":765,"loc":{"start":{"line":765,"column":15},"end":{"line":765,"column":25}}},"35":{"name":"(anonymous_35)","line":766,"loc":{"start":{"line":766,"column":32},"end":{"line":766,"column":48}}},"36":{"name":"(anonymous_36)","line":768,"loc":{"start":{"line":768,"column":28},"end":{"line":768,"column":44}}}},"statementMap":{"1":{"start":{"line":5,"column":0},"end":{"line":778,"column":9}},"2":{"start":{"line":8,"column":2},"end":{"line":13,"column":47}},"3":{"start":{"line":16,"column":2},"end":{"line":16,"column":34}},"4":{"start":{"line":111,"column":2},"end":{"line":411,"column":5}},"5":{"start":{"line":126,"column":6},"end":{"line":126,"column":31}},"6":{"start":{"line":143,"column":6},"end":{"line":143,"column":43}},"7":{"start":{"line":144,"column":6},"end":{"line":169,"column":9}},"8":{"start":{"line":147,"column":8},"end":{"line":149,"column":9}},"9":{"start":{"line":148,"column":10},"end":{"line":148,"column":40}},"10":{"start":{"line":153,"column":8},"end":{"line":153,"column":40}},"11":{"start":{"line":153,"column":23},"end":{"line":153,"column":39}},"12":{"start":{"line":158,"column":8},"end":{"line":168,"column":9}},"13":{"start":{"line":163,"column":10},"end":{"line":163,"column":34}},"14":{"start":{"line":164,"column":10},"end":{"line":164,"column":33}},"15":{"start":{"line":166,"column":10},"end":{"line":166,"column":94}},"16":{"start":{"line":167,"column":10},"end":{"line":167,"column":55}},"17":{"start":{"line":185,"column":6},"end":{"line":185,"column":19}},"18":{"start":{"line":186,"column":6},"end":{"line":186,"column":73}},"19":{"start":{"line":196,"column":6},"end":{"line":196,"column":19}},"20":{"start":{"line":197,"column":6},"end":{"line":197,"column":31}},"21":{"start":{"line":223,"column":6},"end":{"line":226,"column":37}},"22":{"start":{"line":229,"column":6},"end":{"line":229,"column":37}},"23":{"start":{"line":232,"column":6},"end":{"line":242,"column":9}},"24":{"start":{"line":233,"column":8},"end":{"line":233,"column":40}},"25":{"start":{"line":233,"column":23},"end":{"line":233,"column":39}},"26":{"start":{"line":234,"column":8},"end":{"line":241,"column":9}},"27":{"start":{"line":235,"column":10},"end":{"line":235,"column":50}},"28":{"start":{"line":238,"column":10},"end":{"line":238,"column":42}},"29":{"start":{"line":239,"column":10},"end":{"line":239,"column":71}},"30":{"start":{"line":240,"column":10},"end":{"line":240,"column":58}},"31":{"start":{"line":252,"column":6},"end":{"line":254,"column":31}},"32":{"start":{"line":257,"column":6},"end":{"line":257,"column":39}},"33":{"start":{"line":258,"column":6},"end":{"line":258,"column":27}},"34":{"start":{"line":259,"column":6},"end":{"line":264,"column":7}},"35":{"start":{"line":260,"column":8},"end":{"line":260,"column":97}},"36":{"start":{"line":261,"column":8},"end":{"line":263,"column":9}},"37":{"start":{"line":262,"column":10},"end":{"line":262,"column":61}},"38":{"start":{"line":267,"column":6},"end":{"line":273,"column":7}},"39":{"start":{"line":268,"column":8},"end":{"line":272,"column":11}},"40":{"start":{"line":269,"column":10},"end":{"line":271,"column":11}},"41":{"start":{"line":270,"column":12},"end":{"line":270,"column":104}},"42":{"start":{"line":300,"column":6},"end":{"line":303,"column":33}},"43":{"start":{"line":306,"column":6},"end":{"line":309,"column":7}},"44":{"start":{"line":307,"column":8},"end":{"line":307,"column":26}},"45":{"start":{"line":308,"column":8},"end":{"line":308,"column":22}},"46":{"start":{"line":311,"column":6},"end":{"line":311,"column":30}},"47":{"start":{"line":313,"column":6},"end":{"line":325,"column":8}},"48":{"start":{"line":314,"column":8},"end":{"line":320,"column":9}},"49":{"start":{"line":315,"column":10},"end":{"line":315,"column":34}},"50":{"start":{"line":318,"column":10},"end":{"line":318,"column":44}},"51":{"start":{"line":319,"column":10},"end":{"line":319,"column":51}},"52":{"start":{"line":322,"column":8},"end":{"line":324,"column":9}},"53":{"start":{"line":323,"column":10},"end":{"line":323,"column":39}},"54":{"start":{"line":327,"column":6},"end":{"line":329,"column":7}},"55":{"start":{"line":328,"column":8},"end":{"line":328,"column":47}},"56":{"start":{"line":332,"column":6},"end":{"line":336,"column":7}},"57":{"start":{"line":333,"column":8},"end":{"line":333,"column":113}},"58":{"start":{"line":335,"column":8},"end":{"line":335,"column":48}},"59":{"start":{"line":356,"column":6},"end":{"line":357,"column":40}},"60":{"start":{"line":360,"column":6},"end":{"line":364,"column":9}},"61":{"start":{"line":361,"column":8},"end":{"line":363,"column":9}},"62":{"start":{"line":362,"column":10},"end":{"line":362,"column":28}},"63":{"start":{"line":365,"column":6},"end":{"line":365,"column":18}},"64":{"start":{"line":382,"column":6},"end":{"line":383,"column":20}},"65":{"start":{"line":386,"column":6},"end":{"line":390,"column":9}},"66":{"start":{"line":387,"column":8},"end":{"line":389,"column":9}},"67":{"start":{"line":388,"column":10},"end":{"line":388,"column":28}},"68":{"start":{"line":391,"column":6},"end":{"line":391,"column":18}},"69":{"start":{"line":408,"column":6},"end":{"line":408,"column":58}},"70":{"start":{"line":429,"column":2},"end":{"line":434,"column":4}},"71":{"start":{"line":431,"column":4},"end":{"line":431,"column":39}},"72":{"start":{"line":432,"column":4},"end":{"line":432,"column":93}},"73":{"start":{"line":432,"column":21},"end":{"line":432,"column":92}},"74":{"start":{"line":433,"column":4},"end":{"line":433,"column":85}},"75":{"start":{"line":447,"column":2},"end":{"line":464,"column":4}},"76":{"start":{"line":448,"column":4},"end":{"line":448,"column":16}},"77":{"start":{"line":449,"column":4},"end":{"line":449,"column":26}},"78":{"start":{"line":452,"column":4},"end":{"line":461,"column":5}},"79":{"start":{"line":453,"column":6},"end":{"line":453,"column":32}},"80":{"start":{"line":454,"column":6},"end":{"line":460,"column":9}},"81":{"start":{"line":455,"column":8},"end":{"line":456,"column":49}},"82":{"start":{"line":457,"column":8},"end":{"line":459,"column":9}},"83":{"start":{"line":458,"column":10},"end":{"line":458,"column":47}},"84":{"start":{"line":463,"column":4},"end":{"line":463,"column":44}},"85":{"start":{"line":476,"column":2},"end":{"line":494,"column":4}},"86":{"start":{"line":479,"column":4},"end":{"line":490,"column":5}},"87":{"start":{"line":480,"column":6},"end":{"line":480,"column":51}},"88":{"start":{"line":485,"column":6},"end":{"line":489,"column":7}},"89":{"start":{"line":486,"column":8},"end":{"line":488,"column":11}},"90":{"start":{"line":493,"column":4},"end":{"line":493,"column":33}},"91":{"start":{"line":519,"column":2},"end":{"line":531,"column":4}},"92":{"start":{"line":520,"column":4},"end":{"line":520,"column":31}},"93":{"start":{"line":521,"column":4},"end":{"line":521,"column":40}},"94":{"start":{"line":524,"column":4},"end":{"line":529,"column":5}},"95":{"start":{"line":525,"column":6},"end":{"line":525,"column":51}},"96":{"start":{"line":526,"column":6},"end":{"line":526,"column":53}},"97":{"start":{"line":528,"column":6},"end":{"line":528,"column":17}},"98":{"start":{"line":530,"column":4},"end":{"line":530,"column":19}},"99":{"start":{"line":540,"column":2},"end":{"line":549,"column":4}},"100":{"start":{"line":541,"column":4},"end":{"line":541,"column":21}},"101":{"start":{"line":542,"column":4},"end":{"line":542,"column":40}},"102":{"start":{"line":543,"column":4},"end":{"line":548,"column":5}},"103":{"start":{"line":544,"column":6},"end":{"line":544,"column":43}},"104":{"start":{"line":545,"column":6},"end":{"line":545,"column":35}},"105":{"start":{"line":547,"column":6},"end":{"line":547,"column":17}},"106":{"start":{"line":568,"column":2},"end":{"line":577,"column":4}},"107":{"start":{"line":569,"column":4},"end":{"line":569,"column":35}},"108":{"start":{"line":570,"column":4},"end":{"line":575,"column":5}},"109":{"start":{"line":571,"column":6},"end":{"line":571,"column":39}},"110":{"start":{"line":572,"column":6},"end":{"line":574,"column":7}},"111":{"start":{"line":573,"column":8},"end":{"line":573,"column":45}},"112":{"start":{"line":576,"column":4},"end":{"line":576,"column":15}},"113":{"start":{"line":597,"column":2},"end":{"line":651,"column":4}},"114":{"start":{"line":600,"column":4},"end":{"line":600,"column":76}},"115":{"start":{"line":603,"column":4},"end":{"line":605,"column":5}},"116":{"start":{"line":604,"column":6},"end":{"line":604,"column":19}},"117":{"start":{"line":608,"column":4},"end":{"line":608,"column":29}},"118":{"start":{"line":609,"column":4},"end":{"line":613,"column":5}},"119":{"start":{"line":610,"column":6},"end":{"line":610,"column":29}},"120":{"start":{"line":611,"column":11},"end":{"line":613,"column":5}},"121":{"start":{"line":612,"column":6},"end":{"line":612,"column":26}},"122":{"start":{"line":616,"column":4},"end":{"line":618,"column":5}},"123":{"start":{"line":617,"column":6},"end":{"line":617,"column":21}},"124":{"start":{"line":622,"column":4},"end":{"line":622,"column":46}},"125":{"start":{"line":625,"column":4},"end":{"line":635,"column":5}},"126":{"start":{"line":626,"column":6},"end":{"line":634,"column":7}},"127":{"start":{"line":627,"column":8},"end":{"line":627,"column":31}},"128":{"start":{"line":628,"column":8},"end":{"line":633,"column":9}},"129":{"start":{"line":629,"column":10},"end":{"line":629,"column":57}},"130":{"start":{"line":632,"column":10},"end":{"line":632,"column":28}},"131":{"start":{"line":638,"column":4},"end":{"line":647,"column":5}},"132":{"start":{"line":639,"column":6},"end":{"line":646,"column":7}},"133":{"start":{"line":641,"column":8},"end":{"line":641,"column":23}},"134":{"start":{"line":645,"column":8},"end":{"line":645,"column":53}},"135":{"start":{"line":650,"column":4},"end":{"line":650,"column":16}},"136":{"start":{"line":672,"column":2},"end":{"line":679,"column":4}},"137":{"start":{"line":675,"column":4},"end":{"line":675,"column":57}},"138":{"start":{"line":678,"column":4},"end":{"line":678,"column":72}},"139":{"start":{"line":688,"column":2},"end":{"line":697,"column":4}},"140":{"start":{"line":691,"column":4},"end":{"line":693,"column":6}},"141":{"start":{"line":692,"column":6},"end":{"line":692,"column":41}},"142":{"start":{"line":696,"column":4},"end":{"line":696,"column":44}},"143":{"start":{"line":706,"column":2},"end":{"line":715,"column":4}},"144":{"start":{"line":709,"column":4},"end":{"line":711,"column":6}},"145":{"start":{"line":710,"column":6},"end":{"line":710,"column":37}},"146":{"start":{"line":714,"column":4},"end":{"line":714,"column":39}},"147":{"start":{"line":727,"column":2},"end":{"line":727,"column":62}},"148":{"start":{"line":732,"column":2},"end":{"line":741,"column":4}},"149":{"start":{"line":742,"column":2},"end":{"line":747,"column":3}},"150":{"start":{"line":743,"column":4},"end":{"line":743,"column":39}},"151":{"start":{"line":744,"column":4},"end":{"line":744,"column":63}},"152":{"start":{"line":746,"column":4},"end":{"line":746,"column":46}},"153":{"start":{"line":750,"column":2},"end":{"line":750,"column":16}},"154":{"start":{"line":751,"column":2},"end":{"line":751,"column":30}},"155":{"start":{"line":752,"column":2},"end":{"line":752,"column":22}},"156":{"start":{"line":753,"column":2},"end":{"line":753,"column":30}},"157":{"start":{"line":756,"column":2},"end":{"line":760,"column":3}},"158":{"start":{"line":757,"column":4},"end":{"line":757,"column":29}},"159":{"start":{"line":759,"column":4},"end":{"line":759,"column":27}},"160":{"start":{"line":763,"column":2},"end":{"line":763,"column":51}},"161":{"start":{"line":764,"column":2},"end":{"line":776,"column":3}},"162":{"start":{"line":765,"column":4},"end":{"line":775,"column":9}},"163":{"start":{"line":766,"column":6},"end":{"line":774,"column":9}},"164":{"start":{"line":767,"column":8},"end":{"line":767,"column":45}},"165":{"start":{"line":768,"column":8},"end":{"line":773,"column":11}},"166":{"start":{"line":769,"column":10},"end":{"line":771,"column":11}},"167":{"start":{"line":770,"column":12},"end":{"line":770,"column":80}},"168":{"start":{"line":772,"column":10},"end":{"line":772,"column":48}}},"branchMap":{"1":{"line":9,"type":"cond-expr","locations":[{"start":{"line":9,"column":28},"end":{"line":9,"column":47}},{"start":{"line":9,"column":50},"end":{"line":9,"column":63}}]},"2":{"line":10,"type":"cond-expr","locations":[{"start":{"line":10,"column":21},"end":{"line":10,"column":44}},{"start":{"line":10,"column":47},"end":{"line":10,"column":53}}]},"3":{"line":13,"type":"cond-expr","locations":[{"start":{"line":13,"column":24},"end":{"line":13,"column":39}},{"start":{"line":13,"column":42},"end":{"line":13,"column":46}}]},"4":{"line":147,"type":"if","locations":[{"start":{"line":147,"column":8},"end":{"line":147,"column":8}},{"start":{"line":147,"column":8},"end":{"line":147,"column":8}}]},"5":{"line":147,"type":"binary-expr","locations":[{"start":{"line":147,"column":12},"end":{"line":147,"column":18}},{"start":{"line":147,"column":22},"end":{"line":147,"column":60}}]},"6":{"line":153,"type":"if","locations":[{"start":{"line":153,"column":8},"end":{"line":153,"column":8}},{"start":{"line":153,"column":8},"end":{"line":153,"column":8}}]},"7":{"line":158,"type":"if","locations":[{"start":{"line":158,"column":8},"end":{"line":158,"column":8}},{"start":{"line":158,"column":8},"end":{"line":158,"column":8}}]},"8":{"line":186,"type":"cond-expr","locations":[{"start":{"line":186,"column":46},"end":{"line":186,"column":64}},{"start":{"line":186,"column":67},"end":{"line":186,"column":71}}]},"9":{"line":186,"type":"binary-expr","locations":[{"start":{"line":186,"column":14},"end":{"line":186,"column":21}},{"start":{"line":186,"column":25},"end":{"line":186,"column":43}}]},"10":{"line":233,"type":"if","locations":[{"start":{"line":233,"column":8},"end":{"line":233,"column":8}},{"start":{"line":233,"column":8},"end":{"line":233,"column":8}}]},"11":{"line":234,"type":"if","locations":[{"start":{"line":234,"column":8},"end":{"line":234,"column":8}},{"start":{"line":234,"column":8},"end":{"line":234,"column":8}}]},"12":{"line":260,"type":"binary-expr","locations":[{"start":{"line":260,"column":25},"end":{"line":260,"column":51}},{"start":{"line":260,"column":55},"end":{"line":260,"column":96}}]},"13":{"line":261,"type":"if","locations":[{"start":{"line":261,"column":8},"end":{"line":261,"column":8}},{"start":{"line":261,"column":8},"end":{"line":261,"column":8}}]},"14":{"line":261,"type":"binary-expr","locations":[{"start":{"line":261,"column":12},"end":{"line":261,"column":22}},{"start":{"line":261,"column":26},"end":{"line":261,"column":88}}]},"15":{"line":267,"type":"if","locations":[{"start":{"line":267,"column":6},"end":{"line":267,"column":6}},{"start":{"line":267,"column":6},"end":{"line":267,"column":6}}]},"16":{"line":269,"type":"if","locations":[{"start":{"line":269,"column":10},"end":{"line":269,"column":10}},{"start":{"line":269,"column":10},"end":{"line":269,"column":10}}]},"17":{"line":306,"type":"if","locations":[{"start":{"line":306,"column":6},"end":{"line":306,"column":6}},{"start":{"line":306,"column":6},"end":{"line":306,"column":6}}]},"18":{"line":314,"type":"if","locations":[{"start":{"line":314,"column":8},"end":{"line":314,"column":8}},{"start":{"line":314,"column":8},"end":{"line":314,"column":8}}]},"19":{"line":322,"type":"if","locations":[{"start":{"line":322,"column":8},"end":{"line":322,"column":8}},{"start":{"line":322,"column":8},"end":{"line":322,"column":8}}]},"20":{"line":327,"type":"if","locations":[{"start":{"line":327,"column":6},"end":{"line":327,"column":6}},{"start":{"line":327,"column":6},"end":{"line":327,"column":6}}]},"21":{"line":332,"type":"if","locations":[{"start":{"line":332,"column":6},"end":{"line":332,"column":6}},{"start":{"line":332,"column":6},"end":{"line":332,"column":6}}]},"22":{"line":361,"type":"if","locations":[{"start":{"line":361,"column":8},"end":{"line":361,"column":8}},{"start":{"line":361,"column":8},"end":{"line":361,"column":8}}]},"23":{"line":387,"type":"if","locations":[{"start":{"line":387,"column":8},"end":{"line":387,"column":8}},{"start":{"line":387,"column":8},"end":{"line":387,"column":8}}]},"24":{"line":449,"type":"binary-expr","locations":[{"start":{"line":449,"column":13},"end":{"line":449,"column":19}},{"start":{"line":449,"column":23},"end":{"line":449,"column":25}}]},"25":{"line":452,"type":"if","locations":[{"start":{"line":452,"column":4},"end":{"line":452,"column":4}},{"start":{"line":452,"column":4},"end":{"line":452,"column":4}}]},"26":{"line":455,"type":"binary-expr","locations":[{"start":{"line":455,"column":17},"end":{"line":455,"column":31}},{"start":{"line":455,"column":35},"end":{"line":455,"column":37}}]},"27":{"line":457,"type":"if","locations":[{"start":{"line":457,"column":8},"end":{"line":457,"column":8}},{"start":{"line":457,"column":8},"end":{"line":457,"column":8}}]},"28":{"line":479,"type":"if","locations":[{"start":{"line":479,"column":4},"end":{"line":479,"column":4}},{"start":{"line":479,"column":4},"end":{"line":479,"column":4}}]},"29":{"line":485,"type":"if","locations":[{"start":{"line":485,"column":6},"end":{"line":485,"column":6}},{"start":{"line":485,"column":6},"end":{"line":485,"column":6}}]},"30":{"line":521,"type":"binary-expr","locations":[{"start":{"line":521,"column":15},"end":{"line":521,"column":23}},{"start":{"line":521,"column":27},"end":{"line":521,"column":39}}]},"31":{"line":524,"type":"if","locations":[{"start":{"line":524,"column":4},"end":{"line":524,"column":4}},{"start":{"line":524,"column":4},"end":{"line":524,"column":4}}]},"32":{"line":542,"type":"binary-expr","locations":[{"start":{"line":542,"column":15},"end":{"line":542,"column":23}},{"start":{"line":542,"column":27},"end":{"line":542,"column":39}}]},"33":{"line":543,"type":"if","locations":[{"start":{"line":543,"column":4},"end":{"line":543,"column":4}},{"start":{"line":543,"column":4},"end":{"line":543,"column":4}}]},"34":{"line":570,"type":"if","locations":[{"start":{"line":570,"column":4},"end":{"line":570,"column":4}},{"start":{"line":570,"column":4},"end":{"line":570,"column":4}}]},"35":{"line":572,"type":"if","locations":[{"start":{"line":572,"column":6},"end":{"line":572,"column":6}},{"start":{"line":572,"column":6},"end":{"line":572,"column":6}}]},"36":{"line":600,"type":"cond-expr","locations":[{"start":{"line":600,"column":44},"end":{"line":600,"column":67}},{"start":{"line":600,"column":70},"end":{"line":600,"column":75}}]},"37":{"line":603,"type":"if","locations":[{"start":{"line":603,"column":4},"end":{"line":603,"column":4}},{"start":{"line":603,"column":4},"end":{"line":603,"column":4}}]},"38":{"line":603,"type":"binary-expr","locations":[{"start":{"line":603,"column":8},"end":{"line":603,"column":33}},{"start":{"line":603,"column":37},"end":{"line":603,"column":64}}]},"39":{"line":609,"type":"if","locations":[{"start":{"line":609,"column":4},"end":{"line":609,"column":4}},{"start":{"line":609,"column":4},"end":{"line":609,"column":4}}]},"40":{"line":611,"type":"if","locations":[{"start":{"line":611,"column":11},"end":{"line":611,"column":11}},{"start":{"line":611,"column":11},"end":{"line":611,"column":11}}]},"41":{"line":616,"type":"if","locations":[{"start":{"line":616,"column":4},"end":{"line":616,"column":4}},{"start":{"line":616,"column":4},"end":{"line":616,"column":4}}]},"42":{"line":622,"type":"cond-expr","locations":[{"start":{"line":622,"column":38},"end":{"line":622,"column":40}},{"start":{"line":622,"column":43},"end":{"line":622,"column":45}}]},"43":{"line":626,"type":"if","locations":[{"start":{"line":626,"column":6},"end":{"line":626,"column":6}},{"start":{"line":626,"column":6},"end":{"line":626,"column":6}}]},"44":{"line":626,"type":"binary-expr","locations":[{"start":{"line":626,"column":10},"end":{"line":626,"column":31}},{"start":{"line":626,"column":35},"end":{"line":626,"column":61}}]},"45":{"line":628,"type":"if","locations":[{"start":{"line":628,"column":8},"end":{"line":628,"column":8}},{"start":{"line":628,"column":8},"end":{"line":628,"column":8}}]},"46":{"line":628,"type":"binary-expr","locations":[{"start":{"line":628,"column":12},"end":{"line":628,"column":36}},{"start":{"line":628,"column":40},"end":{"line":628,"column":66}}]},"47":{"line":638,"type":"if","locations":[{"start":{"line":638,"column":4},"end":{"line":638,"column":4}},{"start":{"line":638,"column":4},"end":{"line":638,"column":4}}]},"48":{"line":639,"type":"if","locations":[{"start":{"line":639,"column":6},"end":{"line":639,"column":6}},{"start":{"line":639,"column":6},"end":{"line":639,"column":6}}]},"49":{"line":675,"type":"cond-expr","locations":[{"start":{"line":675,"column":46},"end":{"line":675,"column":47}},{"start":{"line":675,"column":50},"end":{"line":675,"column":56}}]},"50":{"line":742,"type":"if","locations":[{"start":{"line":742,"column":2},"end":{"line":742,"column":2}},{"start":{"line":742,"column":2},"end":{"line":742,"column":2}}]},"51":{"line":756,"type":"if","locations":[{"start":{"line":756,"column":2},"end":{"line":756,"column":2}},{"start":{"line":756,"column":2},"end":{"line":756,"column":2}}]},"52":{"line":764,"type":"if","locations":[{"start":{"line":764,"column":2},"end":{"line":764,"column":2}},{"start":{"line":764,"column":2},"end":{"line":764,"column":2}}]},"53":{"line":769,"type":"if","locations":[{"start":{"line":769,"column":10},"end":{"line":769,"column":10}},{"start":{"line":769,"column":10},"end":{"line":769,"column":10}}]}},"code":["// Monitor.js (c) 2010-2014 Loren West and other contributors","// May be freely distributed under the MIT license.","// For further details and documentation:","// http://lorenwest.github.com/node-monitor","(function(root){","","  // Module loading","  var commonJS = (typeof exports !== 'undefined'),","      Backbone = commonJS ? require('backbone') : root.Backbone,","      _ = commonJS ? require('underscore')._ : root._,","      log = null, stat = null,","      autoStartedMonitors = [],","      Cron = commonJS ? require('cron') : null;","","  // Constants","  var DEFAULT_DEEP_COPY_DEPTH = 4;","","  /**","  * Monitor a remote probe","  *","  * Monitor objects are the local interface to a remote <a href=\"Probe.html\">Probe</a>.","  * The probe may be running in this process or on a remote server.","  *","  * In a disconnected state, the monitor object contains information about","  * the type, attributes, and location of the probe it will monitor.","  *","  * In a connected state, the monitor object contains the data attributes of","  * the probe it is monitoring, and emits change events as the probe changes","  * state.","  *","  * Many monitors may be attached to a single probe.  When the probe data model","  * changes, changes are broadcast to the connected monitors.","  *","  * Probes can be remotely controlled using the control() method.","  * The control() method acts an RPC in that it accepts input arguments and","  * returns results to the monitor initiating the request.","  *","  * Example:","  *","  *     // Connecting a monitor to a probe","  *     var processMonitor = new Monitor({","  *       probeClass: 'Pro
[...]
column":11}},"120":{"start":{"line":304,"column":12},"end":{"line":304,"column":90}},"121":{"start":{"line":308,"column":10},"end":{"line":308,"column":64}},"122":{"start":{"line":325,"column":2},"end":{"line":331,"column":4}},"123":{"start":{"line":326,"column":4},"end":{"line":326,"column":46}},"124":{"start":{"line":327,"column":4},"end":{"line":329,"column":5}},"125":{"start":{"line":328,"column":6},"end":{"line":328,"column":74}},"126":{"start":{"line":330,"column":4},"end":{"line":330,"column":27}},"127":{"start":{"line":343,"column":2},"end":{"line":345,"column":4}},"128":{"start":{"line":344,"column":4},"end":{"line":344,"column":21}}},"branchMap":{"1":{"line":8,"type":"binary-expr","locations":[{"start":{"line":8,"column":16},"end":{"line":8,"column":28}},{"start":{"line":8,"column":32},"end":{"line":8,"column":53}}]},"2":{"line":38,"type":"if","locations":[{"start":{"line":38,"column":6},"end":{"line":38,"column":6}},{"start":{"line":38,"column":6},"end":{"line":38,"column":6}}]},"3":{"line":43,"type":"if","locations":[{"start":{"line":43,"column":6},"end":{"line":43,"column":6}},{"start":{"line":43,"column":6},"end":{"line":43,"column":6}}]},"4":{"line":49,"type":"if","locations":[{"start":{"line":49,"column":6},"end":{"line":49,"column":6}},{"start":{"line":49,"column":6},"end":{"line":49,"column":6}}]},"5":{"line":54,"type":"if","locations":[{"start":{"line":54,"column":6},"end":{"line":54,"column":6}},{"start":{"line":54,"column":6},"end":{"line":54,"column":6}}]},"6":{"line":64,"type":"if","locations":[{"start":{"line":64,"column":8},"end":{"line":64,"column":8}},{"start":{"line":64,"column":8},"end":{"line":64,"column":8}}]},"7":{"line":79,"type":"if","locations":[{"start":{"line":79,"column":10},"end":{"line":79,"column":10}},{"start":{"line":79,"column":10},"end":{"line":79,"column":10}}]},"8":{"line":79,"type":"binary-expr","locations":[{"start":{"line":79,"column":14},"end":{"line":79,"column":19}},{"start":{"line":79,"column":23},"end":{"line":79,"column":46}}]},"9":{"line":85,"type":"if","locations":[{"start":{"line":85,"column":10},"end":{"line":85,"column":10}},{"start":{"line":85,"column":10},"end":{"line":85,"column":10}}]},"10":{"line":86,"type":"if","locations":[{"start":{"line":86,"column":12},"end":{"line":86,"column":12}},{"start":{"line":86,"column":12},"end":{"line":86,"column":12}}]},"11":{"line":101,"type":"if","locations":[{"start":{"line":101,"column":12},"end":{"line":101,"column":12}},{"start":{"line":101,"column":12},"end":{"line":101,"column":12}}]},"12":{"line":114,"type":"if","locations":[{"start":{"line":114,"column":10},"end":{"line":114,"column":10}},{"start":{"line":114,"column":10},"end":{"line":114,"column":10}}]},"13":{"line":114,"type":"binary-expr","locations":[{"start":{"line":114,"column":14},"end":{"line":114,"column":25}},{"start":{"line":114,"column":29},"end":{"line":114,"column":88}}]},"14":{"line":119,"type":"if","locations":[{"start":{"line":119,"column":10},"end":{"line":119,"column":10}},{"start":{"line":119,"column":10},"end":{"line":119,"column":10}}]},"15":{"line":138,"type":"if","locations":[{"start":{"line":138,"column":6},"end":{"line":138,"column":6}},{"start":{"line":138,"column":6},"end":{"line":138,"column":6}}]},"16":{"line":138,"type":"binary-expr","locations":[{"start":{"line":138,"column":10},"end":{"line":138,"column":16}},{"start":{"line":138,"column":20},"end":{"line":138,"column":29}}]},"17":{"line":144,"type":"if","locations":[{"start":{"line":144,"column":8},"end":{"line":144,"column":8}},{"start":{"line":144,"column":8},"end":{"line":144,"column":8}}]},"18":{"line":148,"type":"if","locations":[{"start":{"line":148,"column":8},"end":{"line":148,"column":8}},{"start":{"line":148,"column":8},"end":{"line":148,"column":8}}]},"19":{"line":160,"type":"if","locations":[{"start":{"line":160,"column":6},"end":{"line":160,"column":6}},{"start":{"line":160,"column":6},"end":{"line":160,"column":6}}]},"20":{"line":166,"type":"if","locations":[{"start":{"line":166,"column":8},"end":{"line":166,"column":8}},{"start":{"line":166,"column":8},"end":{"line":166,"column":8}}]},"21":{"line":169,"type":"if","locations":[{"start":{"line":169,"column":8},"end":{"line":169,"column":8}},{"start":{"line":169,"column":8},"end":{"line":169,"column":8}}]},"22":{"line":175,"type":"if","locations":[{"start":{"line":175,"column":10},"end":{"line":175,"column":10}},{"start":{"line":175,"column":10},"end":{"line":175,"column":10}}]},"23":{"line":195,"type":"if","locations":[{"start":{"line":195,"column":6},"end":{"line":195,"column":6}},{"start":{"line":195,"column":6},"end":{"line":195,"column":6}}]},"24":{"line":195,"type":"binary-expr","locations":[{"start":{"line":195,"column":10},"end":{"line":195,"column":16}},{"start":{"line":195,"column":20},"end":{"line":195,"column":29}}]},"25":{"line":201,"type":"if","locations":[{"start":{"line":201,"column":8},"end":{"line":201,"column":8}},{"start":{"line":201,"column":8},"end":{"line":201,"column":8}}]},"26":{"line":208,"type":"if","locations":[{"start":{"line":208,"column":10},"end":{"line":208,"column":10}},{"start":{"line":208,"column":10},"end":{"line":208,"column":10}}]},"27":{"line":213,"type":"if","locations":[{"start":{"line":213,"column":10},"end":{"line":213,"column":10}},{"start":{"line":213,"column":10},"end":{"line":213,"column":10}}]},"28":{"line":229,"type":"if","locations":[{"start":{"line":229,"column":6},"end":{"line":229,"column":6}},{"start":{"line":229,"column":6},"end":{"line":229,"column":6}}]},"29":{"line":235,"type":"if","locations":[{"start":{"line":235,"column":8},"end":{"line":235,"column":8}},{"start":{"line":235,"column":8},"end":{"line":235,"column":8}}]},"30":{"line":239,"type":"if","locations":[{"start":{"line":239,"column":8},"end":{"line":239,"column":8}},{"start":{"line":239,"column":8},"end":{"line":239,"column":8}}]},"31":{"line":245,"type":"if","locations":[{"start":{"line":245,"column":10},"end":{"line":245,"column":10}},{"start":{"line":245,"column":10},"end":{"line":245,"column":10}}]},"32":{"line":255,"type":"if","locations":[{"start":{"line":255,"column":6},"end":{"line":255,"column":6}},{"start":{"line":255,"column":6},"end":{"line":255,"column":6}}]},"33":{"line":281,"type":"if","locations":[{"start":{"line":281,"column":6},"end":{"line":281,"column":6}},{"start":{"line":281,"column":6},"end":{"line":281,"column":6}}]},"34":{"line":289,"type":"if","locations":[{"start":{"line":289,"column":8},"end":{"line":289,"column":8}},{"start":{"line":289,"column":8},"end":{"line":289,"column":8}}]},"35":{"line":289,"type":"binary-expr","locations":[{"start":{"line":289,"column":12},"end":{"line":289,"column":18}},{"start":{"line":289,"column":22},"end":{"line":289,"column":41}}]},"36":{"line":298,"type":"if","locations":[{"start":{"line":298,"column":10},"end":{"line":298,"column":10}},{"start":{"line":298,"column":10},"end":{"line":298,"column":10}}]},"37":{"line":298,"type":"binary-expr","locations":[{"start":{"line":298,"column":14},"end":{"line":298,"column":19}},{"start":{"line":298,"column":23},"end":{"line":298,"column":46}}]},"38":{"line":303,"type":"if","locations":[{"start":{"line":303,"column":10},"end":{"line":303,"column":10}},{"start":{"line":303,"column":10},"end":{"line":303,"column":10}}]},"39":{"line":327,"type":"if","locations":[{"start":{"line":327,"column":4},"end":{"line":327,"column":4}},{"start":{"line":327,"column":4},"end":{"line":327,"column":4}}]},"40":{"line":327,"type":"binary-expr","locations":[{"start":{"line":327,"column":8},"end":{"line":327,"column":17}},{"start":{"line":327,"column":21},"end":{"line":327,"column":45}}]}},"code":["// FileSyncProbe.js (c) 2010-2014 Loren West and other contributors","// May be freely distributed under the MIT license.","// For further details and documentation:","// http://lorenwest.github.com/node-monitor","(function(root){","","  // Module loading - this runs server-side only","  var Monitor = root.Monitor || require('../Monitor'),","      logger = Monitor.getLogger('FileSyncProbe'),","      Probe = Monitor.Probe,","      _ = Monitor._,","      SyncProbe = Monitor.SyncProbe,","      FS = require('fs'),","      Path = require('path'),","      FileProbe = Monitor.FileProbe;","","  // This must be set using setRootPath() before the probe will operate","  var ROOT_PATH = null;","","  /**","  * Probe for synchronizing a Backbone data model with a file on the O/S","  *","  * Probe parameters are listed under <a href=\"SyncProbe.html\">SyncProbe</a>.","  *","  * @class FileSyncProbe","  * @extends Probe","  * @constructor","  */","  var FileSyncProbe = SyncProbe.FileSyncProbe = Probe.extend({","","    probeClass: 'FileSyncProbe',","","    initialize: function(attributes, options){","      var t = this;","      Probe.prototype.initialize.apply(t, arguments);","","      // Disable the probe if the root path hasn't been set","      if (!ROOT_PATH) {","        throw new Error('FileSync has not been enabled on this server.');","      }","","      // Class name must exist","      if (!t.has('className')) {","        throw new Error('FileSync - Class name not specified');","      }","","      // Don't allow a path above the root path","      t.dirPath = Path.join(ROOT_PATH, t.get('className'));","      if (t.dirPath.indexOf(ROOT_PATH) !== 0) {","        throw new Error('Invalid file path');","      }","","      // We're done if this isn't a liveSync probe","      if (!t.has('modelId')) {","        return;","      }","","      // Assume callback responsibility","      options.asyncInit = true;","      var callback = options.callback;","","      // Get the full path to the file","      t.getFullPath(t.get('modelId'), function(error, response){","        if (error) {","          return callback({msg: 'Failed to get the path', err:error});","        }","","        // Get the file and stats","        var fullPath = response.path;","        var stats = response.stats;","","        // Build the function to watch the file","        var onFileWatch = function(error, content) {","","          var isInitializing = (callback !== null),","              initCallback = callback;","          callback = null;","","          if (error && error.code === 'ENOENT') {","            // File doesn't exist. Set the model to null.","            t.set({model: {}}, {silent: isInitializing});","            // Convert the code from the sync probe spec","            error.code = 'NOTFOUND';","          }","          if (error) {","            if (isInitializing) {","              t.release();","              var err = {code: error.code, msg: 'LiveSync requires the file to exist and be readable'};","              initCallback(err);","            }","            return;","          }","","          // Parse the JSON content into a JS object.","          try {","            content = JSON.parse(content);","            logger.info('fileParse', {id: t.get('modelId'), content: content});","          } catch (e) {","","            // Fail the probe on first load error","            if (isInitializing) {","              t.release();","              initCallback({code: 'BAD_FORMAT', msg: 'Non-JSON formatted file'});","            }","","            // Nothing productive to do if the file can't be parsed. Just log it.","            logger.error('fileParse', {error: e, id: t.get('modelId'), content: content});","            return;","          }","","          // Set the content into the model if it's different","          // Have to compare raw objects because toJSON returns deep references to models","          var priorModel = t.get('model');","          if (!priorModel || !_.isEqual(content, JSON.parse(JSON.stringify(priorModel)))) {","            t.set({model: content}, {silent: isInitializing});","          }","","          // Call the initialization callback on first load","          if (isInitializing) {","            initCallback();","          }","        };","","        // Load and watch the file","        var watcherOpts = {","          preload: true,","          persistent: true","        };","        t.fileWatcher = FileProbe.watchLoad(fullPath, watcherOpts, onFileWatch);","","      });","    },","","    // Documentation for these methods in SyncProbe","    create_control: function(args, callback) {","      // Make sure the ID exists","      var t = this, model = args.model;","      if (!model || !model.id) {","        return callback({msg:'SyncProbe create - Data model with ID not present'});","      }","","      // Make sure the file doesn't already exist","      t.getFullPath(model.id, function(error, response) {","        if (error) {","          return callback(error);","        }","","        if (response.stats) {","          return callback({msg:'Document with this ID already exists'});","        }","","        // Forward to the update control","        t.update_control(args, callback);","      });","    },","","    read_control: function(args, callback) {","      // Make sure the ID exists","      var t = this, id = args.id;","      if (!id) {","        return callback({msg:'SyncProbe read - ID not present'});","      }","","      // Read the file","      t.getFullPath(id, function(error, response){","        if (error) {","          return callback(error);","        }","        if (!response.stats) {","          return callback({code: 'NOTFOUND', msg:'Document with this ID not found'});","        }","","        var fullPath = response.path;","        FS.readFile(fullPath, 'utf8', function(error, data) {","          if (error) {","            return callback({code: 'UNKNOWN', msg:'Error reading file', error: error.code});","          }","","          // Parse the file","          var model;","          try {","            model = JSON.parse(data);","          } catch (e) {","            return callback({code: 'PARSE', msg: 'Error parsing file'});","          }","          callback(null, model);","        });","      });","    },","","    update_control: function(args, callback) {","","      // Make sure the ID exists","      var t = this, model = args.model;","      if (!model || !model.id) {","        return callback({msg:'SyncProbe create - Data model with ID not present'});","      }","","      // Make sure the directory exists","      t.getFullPath(model.id, function(error, response) {","        if (error) {","          return callback(error);","        }","","        var fullPath = response.path,","            parentDir = Path.dirname(fullPath);","        FileProbe.mkdir_r(parentDir, function(error) {","          if (error) {","            return callback(error);","          }","","          // Set the contents of the model for liveSync","          if (t.has('modelId')) {","            t.set('model', model);","          }","","          // Write the file","          FS.writeFile(fullPath, JSON.stringify(model, null, 2), 'utf8', function(error){","            callback(error, {});","          });","        });","      });","","    },","","    delete_control: function(args, callback) {","      // Make sure the ID exists","      var t = this, id = args.id;","      if (!id) {","        return callback({msg:'SyncProbe delete - ID not present'});","      }","","      // Set the contents of the model for liveSync","      t.getFullPath(id, function(error, response) {","        if (error) {","          return callback({msg:'Error removing file', err:error});","        }","        var fullPath = response.path;","        if (t.has('modelId')) {","          t.set('model', null);","        }","","        // Remove the file","        FS.unlink(fullPath, function(error, data) {","          if (error) {","            return callback({msg:'Error removing file'});","          }","          return callback(null, {});","        });","      });","    },","","    release: function() {","      var t = this;","      if (t.fileWatcher) {","        t.fileWatcher.close();","        t.fileWatcher = null;","      }","    },","","    /**","    * Get the full path to the file","    *","    * This builds the full pathname to the file, and performs an fs.sync()","    * on that pathname, providing the pathname and sync object in the callback.","    *","    * @method getFullPath","    * @param modelId {String} ID of the data model to sync","    * @param callback {Function(error, return)}","    *   @param callback.error {Object} Error object (null if no error)","    *   @param callback.return {Object} return object","    *     @param callback.return.path {String} Full pathname to the file","    *     @param callback.return.stat {fs.stats} Stats object (null if the file doesn't esixt)","    */","    getFullPath: function(modelId, callback) {","      var t = this,","          dirPath = t.dirPath;","","      // Don't allow relative paths","      var fullPath = Path.join(t.dirPath, modelId);","      if (fullPath.indexOf(dirPath) !== 0) {","        return callback({msg: 'Model ID ' + modelId + ' cannot represent a relative path'});","      }","","      // See if the path represents a directory","      FS.stat(fullPath, function(error, stats){","","        // If this is an existing directory, return a path to dir/index.json","        if (!error && stats.isDirectory()) {","          return t.getFullPath(modelId + '/index', callback);","        }","","        // Normal case - return the path & stat to the json file","        fullPath += '.json';","        FS.stat(fullPath, function(error, stats){","","          // Not an error if error == ENOENT","          if (error && error.code === 'ENOENT') {","            error = null; stats = null;","          }","","          // Process other FS errors","          if (error) {","            return callback({err: error, msg: \"Error while observing file: \" + fullPath});","          }","","          // Forward the callback","          return callback(null, {path: fullPath, stats: stats});","        });","      });","    }","","  });","","  /**","  * Set the server root path for objects stored with this probe","  *","  * For security purposes, this must be set before the SyncFileProbe","  * will operate.  It will not accept any changes once set.","  *","  * @static","  * @method setRootPath","  * @param rootPath {String} A path to the root directory for model object storage","  */","  FileSyncProbe.setRootPath = function(rootPath) {","    var normalized = Path.normalize(rootPath);","    if (ROOT_PATH && ROOT_PATH !== normalized) {","      throw new Error('Cannot change the File probe root path once set.');","    }","    ROOT_PATH = normalized;","  };","","  /**","  * Get the current root path.","  *","  * As a static method, this is only available on the server running the probe.","  * For security purposes, this is not exposed in the FileSyncProbe data model.","  *","  * @static","  * @method getRootPath","  * @return {String} The path to the root directory for the FilePath probe","  */","  FileSyncProbe.getRootPath = function() {","    return ROOT_PATH;","  };","","}(this));",""],"l":{"5":1,"8":1,"18":1,"29":1,"34":0,"35":0,"38":0,"39":0,"43":0,"44":0,"48":0,"49":0,"50":0,"54":0,"55":0,"59":0,"60":0,"63":0,"64":0,"65":0,"69":0,"70":0,"73":0,"75":0,"77":0,"79":0,"81":0,"83":0,"85":0,"86":0,"87":0,"88":0,"89":0,"91":0,"95":0,"96":0,"97":0,"101":0,"102":0,"103":0,"107":0,"108":0,"113":0,"114":0,"115":0,"119":0,"120":0,"125":0,"129":0,"137":0,"138":0,"139":0,"143":0,"144":0,"145":0,"148":0,"149":0,"153":0,"159":0,"160":0,"161":0,"165":0,"166":0,"167":0,"169":0,"170":0,"173":0,"174":0,"175":0,"176":0,"180":0,"181":0,"182":0,"184":0,"186":0,"194":0,"195":0,"196":0,"200":0,"201":0,"202":0,"205":0,"207":0,"208":0,"209":0,"213":0,"214":0,"218":0,"219":0,"228":0,"229":0,"230":0,"234":0,"235":0,"236":0,"238":0,"239":0,"240":0,"244":0,"245":0,"246":0,"248":0,"254":0,"255":0,"256":0,"257":0,"276":0,"280":0,"281":0,"282":0,"286":0,"289":0,"290":0,"294":0,"295":0,"298":0,"299":0,"303":0,"304":0,"308":0,"325":1,"326":0,"327":0,"328":0,"330":0,"343":1,"344":0}}}